{"C:\\Users\\rcgio\\OneDrive\\Desktop\\CS555\\CS555-Agile_Project\\helpers.js": {"path":"C:\\Users\\rcgio\\OneDrive\\Desktop\\CS555\\CS555-Agile_Project\\helpers.js","statementMap":{"0":{"start":{"line":3,"column":27},"end":{"line":8,"column":1}},"1":{"start":{"line":4,"column":4},"end":{"line":6,"column":5}},"2":{"start":{"line":5,"column":8},"end":{"line":5,"column":53}},"3":{"start":{"line":7,"column":4},"end":{"line":7,"column":22}},"4":{"start":{"line":10,"column":25},"end":{"line":19,"column":1}},"5":{"start":{"line":11,"column":4},"end":{"line":11,"column":37}},"6":{"start":{"line":12,"column":4},"end":{"line":14,"column":5}},"7":{"start":{"line":13,"column":8},"end":{"line":13,"column":73}},"8":{"start":{"line":15,"column":4},"end":{"line":17,"column":5}},"9":{"start":{"line":16,"column":8},"end":{"line":16,"column":89}},"10":{"start":{"line":18,"column":4},"end":{"line":18,"column":16}},"11":{"start":{"line":21,"column":26},"end":{"line":27,"column":1}},"12":{"start":{"line":22,"column":4},"end":{"line":22,"column":40}},"13":{"start":{"line":23,"column":4},"end":{"line":25,"column":5}},"14":{"start":{"line":24,"column":8},"end":{"line":24,"column":54}},"15":{"start":{"line":26,"column":4},"end":{"line":26,"column":31}},"16":{"start":{"line":29,"column":29},"end":{"line":48,"column":1}},"17":{"start":{"line":30,"column":4},"end":{"line":30,"column":49}},"18":{"start":{"line":32,"column":4},"end":{"line":34,"column":5}},"19":{"start":{"line":33,"column":8},"end":{"line":33,"column":54}},"20":{"start":{"line":35,"column":4},"end":{"line":37,"column":5}},"21":{"start":{"line":36,"column":8},"end":{"line":36,"column":58}},"22":{"start":{"line":38,"column":4},"end":{"line":40,"column":5}},"23":{"start":{"line":39,"column":8},"end":{"line":39,"column":78}},"24":{"start":{"line":41,"column":4},"end":{"line":43,"column":5}},"25":{"start":{"line":42,"column":8},"end":{"line":42,"column":65}},"26":{"start":{"line":44,"column":4},"end":{"line":46,"column":5}},"27":{"start":{"line":45,"column":8},"end":{"line":45,"column":76}},"28":{"start":{"line":47,"column":4},"end":{"line":47,"column":20}},"29":{"start":{"line":50,"column":24},"end":{"line":61,"column":1}},"30":{"start":{"line":51,"column":4},"end":{"line":53,"column":5}},"31":{"start":{"line":52,"column":8},"end":{"line":52,"column":44}},"32":{"start":{"line":54,"column":4},"end":{"line":56,"column":5}},"33":{"start":{"line":55,"column":8},"end":{"line":55,"column":60}},"34":{"start":{"line":57,"column":4},"end":{"line":59,"column":5}},"35":{"start":{"line":58,"column":8},"end":{"line":58,"column":63}},"36":{"start":{"line":60,"column":4},"end":{"line":60,"column":15}},"37":{"start":{"line":63,"column":29},"end":{"line":75,"column":1}},"38":{"start":{"line":64,"column":4},"end":{"line":64,"column":49}},"39":{"start":{"line":65,"column":4},"end":{"line":67,"column":5}},"40":{"start":{"line":66,"column":8},"end":{"line":66,"column":87}},"41":{"start":{"line":68,"column":4},"end":{"line":70,"column":5}},"42":{"start":{"line":69,"column":8},"end":{"line":69,"column":54}},"43":{"start":{"line":71,"column":4},"end":{"line":73,"column":5}},"44":{"start":{"line":72,"column":8},"end":{"line":72,"column":65}},"45":{"start":{"line":74,"column":4},"end":{"line":74,"column":34}},"46":{"start":{"line":77,"column":23},"end":{"line":83,"column":1}},"47":{"start":{"line":78,"column":4},"end":{"line":78,"column":31}},"48":{"start":{"line":79,"column":4},"end":{"line":81,"column":5}},"49":{"start":{"line":80,"column":8},"end":{"line":80,"column":41}},"50":{"start":{"line":82,"column":4},"end":{"line":82,"column":14}}},"fnMap":{"0":{"name":"(anonymous_0)","decl":{"start":{"line":3,"column":27},"end":{"line":3,"column":28}},"loc":{"start":{"line":3,"column":48},"end":{"line":8,"column":1}},"line":3},"1":{"name":"(anonymous_1)","decl":{"start":{"line":10,"column":25},"end":{"line":10,"column":26}},"loc":{"start":{"line":10,"column":47},"end":{"line":19,"column":1}},"line":10},"2":{"name":"(anonymous_2)","decl":{"start":{"line":21,"column":26},"end":{"line":21,"column":27}},"loc":{"start":{"line":21,"column":37},"end":{"line":27,"column":1}},"line":21},"3":{"name":"(anonymous_3)","decl":{"start":{"line":29,"column":29},"end":{"line":29,"column":30}},"loc":{"start":{"line":29,"column":43},"end":{"line":48,"column":1}},"line":29},"4":{"name":"(anonymous_4)","decl":{"start":{"line":50,"column":24},"end":{"line":50,"column":25}},"loc":{"start":{"line":50,"column":33},"end":{"line":61,"column":1}},"line":50},"5":{"name":"(anonymous_5)","decl":{"start":{"line":63,"column":29},"end":{"line":63,"column":30}},"loc":{"start":{"line":63,"column":43},"end":{"line":75,"column":1}},"line":63},"6":{"name":"(anonymous_6)","decl":{"start":{"line":77,"column":23},"end":{"line":77,"column":24}},"loc":{"start":{"line":77,"column":31},"end":{"line":83,"column":1}},"line":77}},"branchMap":{"0":{"loc":{"start":{"line":4,"column":4},"end":{"line":6,"column":5}},"type":"if","locations":[{"start":{"line":4,"column":4},"end":{"line":6,"column":5}},{"start":{},"end":{}}],"line":4},"1":{"loc":{"start":{"line":4,"column":8},"end":{"line":4,"column":58}},"type":"binary-expr","locations":[{"start":{"line":4,"column":8},"end":{"line":4,"column":31}},{"start":{"line":4,"column":35},"end":{"line":4,"column":58}}],"line":4},"2":{"loc":{"start":{"line":12,"column":4},"end":{"line":14,"column":5}},"type":"if","locations":[{"start":{"line":12,"column":4},"end":{"line":14,"column":5}},{"start":{},"end":{}}],"line":12},"3":{"loc":{"start":{"line":15,"column":4},"end":{"line":17,"column":5}},"type":"if","locations":[{"start":{"line":15,"column":4},"end":{"line":17,"column":5}},{"start":{},"end":{}}],"line":15},"4":{"loc":{"start":{"line":15,"column":8},"end":{"line":15,"column":43}},"type":"binary-expr","locations":[{"start":{"line":15,"column":8},"end":{"line":15,"column":23}},{"start":{"line":15,"column":27},"end":{"line":15,"column":43}}],"line":15},"5":{"loc":{"start":{"line":23,"column":4},"end":{"line":25,"column":5}},"type":"if","locations":[{"start":{"line":23,"column":4},"end":{"line":25,"column":5}},{"start":{},"end":{}}],"line":23},"6":{"loc":{"start":{"line":32,"column":4},"end":{"line":34,"column":5}},"type":"if","locations":[{"start":{"line":32,"column":4},"end":{"line":34,"column":5}},{"start":{},"end":{}}],"line":32},"7":{"loc":{"start":{"line":35,"column":4},"end":{"line":37,"column":5}},"type":"if","locations":[{"start":{"line":35,"column":4},"end":{"line":37,"column":5}},{"start":{},"end":{}}],"line":35},"8":{"loc":{"start":{"line":38,"column":4},"end":{"line":40,"column":5}},"type":"if","locations":[{"start":{"line":38,"column":4},"end":{"line":40,"column":5}},{"start":{},"end":{}}],"line":38},"9":{"loc":{"start":{"line":41,"column":4},"end":{"line":43,"column":5}},"type":"if","locations":[{"start":{"line":41,"column":4},"end":{"line":43,"column":5}},{"start":{},"end":{}}],"line":41},"10":{"loc":{"start":{"line":44,"column":4},"end":{"line":46,"column":5}},"type":"if","locations":[{"start":{"line":44,"column":4},"end":{"line":46,"column":5}},{"start":{},"end":{}}],"line":44},"11":{"loc":{"start":{"line":51,"column":4},"end":{"line":53,"column":5}},"type":"if","locations":[{"start":{"line":51,"column":4},"end":{"line":53,"column":5}},{"start":{},"end":{}}],"line":51},"12":{"loc":{"start":{"line":54,"column":4},"end":{"line":56,"column":5}},"type":"if","locations":[{"start":{"line":54,"column":4},"end":{"line":56,"column":5}},{"start":{},"end":{}}],"line":54},"13":{"loc":{"start":{"line":57,"column":4},"end":{"line":59,"column":5}},"type":"if","locations":[{"start":{"line":57,"column":4},"end":{"line":59,"column":5}},{"start":{},"end":{}}],"line":57},"14":{"loc":{"start":{"line":65,"column":4},"end":{"line":67,"column":5}},"type":"if","locations":[{"start":{"line":65,"column":4},"end":{"line":67,"column":5}},{"start":{},"end":{}}],"line":65},"15":{"loc":{"start":{"line":65,"column":8},"end":{"line":65,"column":51}},"type":"binary-expr","locations":[{"start":{"line":65,"column":8},"end":{"line":65,"column":27}},{"start":{"line":65,"column":31},"end":{"line":65,"column":51}}],"line":65},"16":{"loc":{"start":{"line":68,"column":4},"end":{"line":70,"column":5}},"type":"if","locations":[{"start":{"line":68,"column":4},"end":{"line":70,"column":5}},{"start":{},"end":{}}],"line":68},"17":{"loc":{"start":{"line":71,"column":4},"end":{"line":73,"column":5}},"type":"if","locations":[{"start":{"line":71,"column":4},"end":{"line":73,"column":5}},{"start":{},"end":{}}],"line":71},"18":{"loc":{"start":{"line":79,"column":4},"end":{"line":81,"column":5}},"type":"if","locations":[{"start":{"line":79,"column":4},"end":{"line":81,"column":5}},{"start":{},"end":{}}],"line":79}},"s":{"0":1,"1":51,"2":0,"3":51,"4":1,"5":10,"6":10,"7":0,"8":10,"9":0,"10":10,"11":1,"12":15,"13":15,"14":0,"15":15,"16":1,"17":5,"18":5,"19":0,"20":5,"21":0,"22":5,"23":0,"24":5,"25":0,"26":5,"27":0,"28":5,"29":1,"30":5,"31":0,"32":5,"33":0,"34":5,"35":0,"36":5,"37":1,"38":10,"39":10,"40":0,"41":10,"42":0,"43":10,"44":0,"45":10,"46":1,"47":6,"48":6,"49":0,"50":6},"f":{"0":51,"1":10,"2":15,"3":5,"4":5,"5":10,"6":6},"b":{"0":[0,51],"1":[51,51],"2":[0,10],"3":[0,10],"4":[10,10],"5":[0,15],"6":[0,5],"7":[0,5],"8":[0,5],"9":[0,5],"10":[0,5],"11":[0,5],"12":[0,5],"13":[0,5],"14":[0,10],"15":[10,10],"16":[0,10],"17":[0,10],"18":[0,6]},"_coverageSchema":"1a1c01bbd47fc00a2c39e90264f33305004495a9","hash":"e0a2582b4c7e62a8fcf51d1207da3b8128c2ba39"}
,"C:\\Users\\rcgio\\OneDrive\\Desktop\\CS555\\CS555-Agile_Project\\config\\mongoCollections.js": {"path":"C:\\Users\\rcgio\\OneDrive\\Desktop\\CS555\\CS555-Agile_Project\\config\\mongoCollections.js","statementMap":{"0":{"start":{"line":5,"column":24},"end":{"line":16,"column":1}},"1":{"start":{"line":6,"column":13},"end":{"line":6,"column":22}},"2":{"start":{"line":8,"column":2},"end":{"line":15,"column":4}},"3":{"start":{"line":9,"column":4},"end":{"line":12,"column":5}},"4":{"start":{"line":10,"column":17},"end":{"line":10,"column":37}},"5":{"start":{"line":11,"column":6},"end":{"line":11,"column":45}},"6":{"start":{"line":14,"column":4},"end":{"line":14,"column":16}},"7":{"start":{"line":18,"column":21},"end":{"line":18,"column":45}},"8":{"start":{"line":19,"column":26},"end":{"line":19,"column":55}},"9":{"start":{"line":20,"column":27},"end":{"line":20,"column":57}}},"fnMap":{"0":{"name":"(anonymous_0)","decl":{"start":{"line":5,"column":24},"end":{"line":5,"column":25}},"loc":{"start":{"line":5,"column":40},"end":{"line":16,"column":1}},"line":5},"1":{"name":"(anonymous_1)","decl":{"start":{"line":8,"column":9},"end":{"line":8,"column":10}},"loc":{"start":{"line":8,"column":21},"end":{"line":15,"column":3}},"line":8}},"branchMap":{"0":{"loc":{"start":{"line":9,"column":4},"end":{"line":12,"column":5}},"type":"if","locations":[{"start":{"line":9,"column":4},"end":{"line":12,"column":5}},{"start":{},"end":{}}],"line":9}},"s":{"0":1,"1":3,"2":3,"3":31,"4":2,"5":2,"6":31,"7":1,"8":1,"9":1},"f":{"0":3,"1":31},"b":{"0":[2,29]},"_coverageSchema":"1a1c01bbd47fc00a2c39e90264f33305004495a9","hash":"abe4f169e826a7d99c1d9029c33f50595ed1e45b"}
,"C:\\Users\\rcgio\\OneDrive\\Desktop\\CS555\\CS555-Agile_Project\\config\\mongoConnection.js": {"path":"C:\\Users\\rcgio\\OneDrive\\Desktop\\CS555\\CS555-Agile_Project\\config\\mongoConnection.js","statementMap":{"0":{"start":{"line":4,"column":18},"end":{"line":4,"column":27}},"1":{"start":{"line":5,"column":10},"end":{"line":5,"column":19}},"2":{"start":{"line":7,"column":21},"end":{"line":14,"column":1}},"3":{"start":{"line":8,"column":2},"end":{"line":11,"column":3}},"4":{"start":{"line":9,"column":4},"end":{"line":9,"column":67}},"5":{"start":{"line":10,"column":4},"end":{"line":10,"column":47}},"6":{"start":{"line":13,"column":2},"end":{"line":13,"column":13}},"7":{"start":{"line":15,"column":24},"end":{"line":17,"column":1}},"8":{"start":{"line":16,"column":2},"end":{"line":16,"column":28}}},"fnMap":{"0":{"name":"(anonymous_0)","decl":{"start":{"line":7,"column":21},"end":{"line":7,"column":22}},"loc":{"start":{"line":7,"column":33},"end":{"line":14,"column":1}},"line":7},"1":{"name":"(anonymous_1)","decl":{"start":{"line":15,"column":24},"end":{"line":15,"column":25}},"loc":{"start":{"line":15,"column":36},"end":{"line":17,"column":1}},"line":15}},"branchMap":{"0":{"loc":{"start":{"line":8,"column":2},"end":{"line":11,"column":3}},"type":"if","locations":[{"start":{"line":8,"column":2},"end":{"line":11,"column":3}},{"start":{},"end":{}}],"line":8}},"s":{"0":1,"1":1,"2":1,"3":2,"4":1,"5":1,"6":2,"7":1,"8":0},"f":{"0":2,"1":0},"b":{"0":[1,1]},"_coverageSchema":"1a1c01bbd47fc00a2c39e90264f33305004495a9","hash":"f8cf375238c7e7238d10d65668c2b636c3bc714c"}
,"C:\\Users\\rcgio\\OneDrive\\Desktop\\CS555\\CS555-Agile_Project\\config\\settings.js": {"path":"C:\\Users\\rcgio\\OneDrive\\Desktop\\CS555\\CS555-Agile_Project\\config\\settings.js","statementMap":{"0":{"start":{"line":1,"column":27},"end":{"line":4,"column":1}}},"fnMap":{},"branchMap":{},"s":{"0":1},"f":{},"b":{},"_coverageSchema":"1a1c01bbd47fc00a2c39e90264f33305004495a9","hash":"1d9828e3d8fd74bbd162f5708cddb77adba9a0cc"}
,"C:\\Users\\rcgio\\OneDrive\\Desktop\\CS555\\CS555-Agile_Project\\data\\users.js": {"path":"C:\\Users\\rcgio\\OneDrive\\Desktop\\CS555\\CS555-Agile_Project\\data\\users.js","statementMap":{"0":{"start":{"line":5,"column":19},"end":{"line":5,"column":20}},"1":{"start":{"line":8,"column":26},"end":{"line":44,"column":1}},"2":{"start":{"line":9,"column":2},"end":{"line":11,"column":3}},"3":{"start":{"line":10,"column":4},"end":{"line":10,"column":59}},"4":{"start":{"line":13,"column":2},"end":{"line":13,"column":35}},"5":{"start":{"line":14,"column":2},"end":{"line":14,"column":33}},"6":{"start":{"line":15,"column":2},"end":{"line":15,"column":42}},"7":{"start":{"line":16,"column":2},"end":{"line":16,"column":37}},"8":{"start":{"line":17,"column":2},"end":{"line":17,"column":37}},"9":{"start":{"line":18,"column":19},"end":{"line":18,"column":56}},"10":{"start":{"line":19,"column":2},"end":{"line":21,"column":3}},"11":{"start":{"line":20,"column":4},"end":{"line":20,"column":49}},"12":{"start":{"line":22,"column":20},"end":{"line":22,"column":58}},"13":{"start":{"line":23,"column":2},"end":{"line":25,"column":3}},"14":{"start":{"line":24,"column":4},"end":{"line":24,"column":53}},"15":{"start":{"line":26,"column":2},"end":{"line":26,"column":22}},"16":{"start":{"line":28,"column":17},"end":{"line":28,"column":56}},"17":{"start":{"line":29,"column":16},"end":{"line":37,"column":3}},"18":{"start":{"line":38,"column":25},"end":{"line":38,"column":38}},"19":{"start":{"line":39,"column":31},"end":{"line":39,"column":70}},"20":{"start":{"line":40,"column":2},"end":{"line":42,"column":3}},"21":{"start":{"line":41,"column":4},"end":{"line":41,"column":27}},"22":{"start":{"line":43,"column":2},"end":{"line":43,"column":71}},"23":{"start":{"line":46,"column":25},"end":{"line":86,"column":3}},"24":{"start":{"line":47,"column":4},"end":{"line":49,"column":5}},"25":{"start":{"line":48,"column":6},"end":{"line":48,"column":59}},"26":{"start":{"line":51,"column":4},"end":{"line":51,"column":44}},"27":{"start":{"line":52,"column":4},"end":{"line":52,"column":49}},"28":{"start":{"line":54,"column":27},"end":{"line":54,"column":40}},"29":{"start":{"line":55,"column":31},"end":{"line":55,"column":49}},"30":{"start":{"line":57,"column":17},"end":{"line":57,"column":75}},"31":{"start":{"line":58,"column":21},"end":{"line":58,"column":83}},"32":{"start":{"line":60,"column":4},"end":{"line":85,"column":5}},"33":{"start":{"line":61,"column":6},"end":{"line":61,"column":74}},"34":{"start":{"line":64,"column":17},"end":{"line":64,"column":62}},"35":{"start":{"line":65,"column":6},"end":{"line":84,"column":7}},"36":{"start":{"line":66,"column":8},"end":{"line":80,"column":9}},"37":{"start":{"line":68,"column":21},"end":{"line":68,"column":30}},"38":{"start":{"line":69,"column":29},"end":{"line":69,"column":46}},"39":{"start":{"line":70,"column":25},"end":{"line":70,"column":38}},"40":{"start":{"line":71,"column":10},"end":{"line":71,"column":58}},"41":{"start":{"line":75,"column":26},"end":{"line":75,"column":40}},"42":{"start":{"line":76,"column":25},"end":{"line":76,"column":38}},"43":{"start":{"line":77,"column":29},"end":{"line":77,"column":46}},"44":{"start":{"line":78,"column":25},"end":{"line":78,"column":38}},"45":{"start":{"line":79,"column":10},"end":{"line":79,"column":63}},"46":{"start":{"line":83,"column":8},"end":{"line":83,"column":75}},"47":{"start":{"line":90,"column":27},"end":{"line":94,"column":1}},"48":{"start":{"line":91,"column":25},"end":{"line":91,"column":38}},"49":{"start":{"line":92,"column":19},"end":{"line":92,"column":58}},"50":{"start":{"line":93,"column":2},"end":{"line":93,"column":18}},"51":{"start":{"line":97,"column":27},"end":{"line":110,"column":1}},"52":{"start":{"line":98,"column":2},"end":{"line":100,"column":3}},"53":{"start":{"line":99,"column":4},"end":{"line":99,"column":38}},"54":{"start":{"line":101,"column":2},"end":{"line":101,"column":19}},"55":{"start":{"line":103,"column":25},"end":{"line":103,"column":38}},"56":{"start":{"line":104,"column":15},"end":{"line":104,"column":70}},"57":{"start":{"line":105,"column":2},"end":{"line":107,"column":3}},"58":{"start":{"line":106,"column":4},"end":{"line":106,"column":34}},"59":{"start":{"line":108,"column":2},"end":{"line":108,"column":33}},"60":{"start":{"line":109,"column":2},"end":{"line":109,"column":14}},"61":{"start":{"line":113,"column":33},"end":{"line":125,"column":1}},"62":{"start":{"line":114,"column":2},"end":{"line":116,"column":3}},"63":{"start":{"line":115,"column":4},"end":{"line":115,"column":44}},"64":{"start":{"line":117,"column":2},"end":{"line":117,"column":37}},"65":{"start":{"line":119,"column":25},"end":{"line":119,"column":38}},"66":{"start":{"line":120,"column":15},"end":{"line":120,"column":67}},"67":{"start":{"line":121,"column":2},"end":{"line":123,"column":3}},"68":{"start":{"line":122,"column":4},"end":{"line":122,"column":34}},"69":{"start":{"line":124,"column":2},"end":{"line":124,"column":14}},"70":{"start":{"line":128,"column":30},"end":{"line":140,"column":1}},"71":{"start":{"line":129,"column":2},"end":{"line":131,"column":3}},"72":{"start":{"line":130,"column":4},"end":{"line":130,"column":41}},"73":{"start":{"line":132,"column":2},"end":{"line":132,"column":28}},"74":{"start":{"line":134,"column":25},"end":{"line":134,"column":38}},"75":{"start":{"line":135,"column":15},"end":{"line":135,"column":68}},"76":{"start":{"line":136,"column":2},"end":{"line":138,"column":3}},"77":{"start":{"line":137,"column":4},"end":{"line":137,"column":34}},"78":{"start":{"line":139,"column":2},"end":{"line":139,"column":14}},"79":{"start":{"line":143,"column":37},"end":{"line":156,"column":1}},"80":{"start":{"line":144,"column":2},"end":{"line":146,"column":3}},"81":{"start":{"line":145,"column":4},"end":{"line":145,"column":44}},"82":{"start":{"line":147,"column":2},"end":{"line":147,"column":37}},"83":{"start":{"line":149,"column":25},"end":{"line":149,"column":38}},"84":{"start":{"line":150,"column":15},"end":{"line":150,"column":67}},"85":{"start":{"line":151,"column":2},"end":{"line":155,"column":3}},"86":{"start":{"line":152,"column":4},"end":{"line":152,"column":17}},"87":{"start":{"line":154,"column":4},"end":{"line":154,"column":16}},"88":{"start":{"line":159,"column":34},"end":{"line":172,"column":1}},"89":{"start":{"line":160,"column":2},"end":{"line":162,"column":3}},"90":{"start":{"line":161,"column":4},"end":{"line":161,"column":41}},"91":{"start":{"line":163,"column":2},"end":{"line":163,"column":28}},"92":{"start":{"line":165,"column":25},"end":{"line":165,"column":38}},"93":{"start":{"line":166,"column":15},"end":{"line":166,"column":68}},"94":{"start":{"line":167,"column":2},"end":{"line":171,"column":3}},"95":{"start":{"line":168,"column":4},"end":{"line":168,"column":17}},"96":{"start":{"line":170,"column":4},"end":{"line":170,"column":16}},"97":{"start":{"line":175,"column":28},"end":{"line":223,"column":1}},"98":{"start":{"line":176,"column":2},"end":{"line":178,"column":3}},"99":{"start":{"line":177,"column":4},"end":{"line":177,"column":59}},"100":{"start":{"line":179,"column":2},"end":{"line":179,"column":19}},"101":{"start":{"line":180,"column":2},"end":{"line":180,"column":35}},"102":{"start":{"line":181,"column":2},"end":{"line":181,"column":33}},"103":{"start":{"line":182,"column":2},"end":{"line":182,"column":42}},"104":{"start":{"line":183,"column":2},"end":{"line":183,"column":37}},"105":{"start":{"line":184,"column":2},"end":{"line":184,"column":37}},"106":{"start":{"line":185,"column":2},"end":{"line":185,"column":22}},"107":{"start":{"line":187,"column":16},"end":{"line":187,"column":37}},"108":{"start":{"line":188,"column":21},"end":{"line":188,"column":54}},"109":{"start":{"line":189,"column":18},"end":{"line":189,"column":52}},"110":{"start":{"line":190,"column":2},"end":{"line":192,"column":3}},"111":{"start":{"line":191,"column":4},"end":{"line":191,"column":49}},"112":{"start":{"line":193,"column":2},"end":{"line":195,"column":3}},"113":{"start":{"line":194,"column":4},"end":{"line":194,"column":54}},"114":{"start":{"line":197,"column":17},"end":{"line":197,"column":56}},"115":{"start":{"line":199,"column":21},"end":{"line":207,"column":3}},"116":{"start":{"line":209,"column":25},"end":{"line":209,"column":38}},"117":{"start":{"line":210,"column":21},"end":{"line":214,"column":3}},"118":{"start":{"line":215,"column":2},"end":{"line":217,"column":3}},"119":{"start":{"line":216,"column":4},"end":{"line":216,"column":77}},"120":{"start":{"line":218,"column":2},"end":{"line":220,"column":3}},"121":{"start":{"line":219,"column":4},"end":{"line":219,"column":33}},"122":{"start":{"line":222,"column":2},"end":{"line":222,"column":26}},"123":{"start":{"line":226,"column":26},"end":{"line":239,"column":1}},"124":{"start":{"line":227,"column":2},"end":{"line":229,"column":3}},"125":{"start":{"line":228,"column":4},"end":{"line":228,"column":38}},"126":{"start":{"line":230,"column":2},"end":{"line":230,"column":19}},"127":{"start":{"line":232,"column":25},"end":{"line":232,"column":38}},"128":{"start":{"line":233,"column":15},"end":{"line":233,"column":79}},"129":{"start":{"line":234,"column":2},"end":{"line":236,"column":3}},"130":{"start":{"line":235,"column":4},"end":{"line":235,"column":58}},"131":{"start":{"line":238,"column":2},"end":{"line":238,"column":50}}},"fnMap":{"0":{"name":"(anonymous_0)","decl":{"start":{"line":8,"column":26},"end":{"line":8,"column":27}},"loc":{"start":{"line":8,"column":96},"end":{"line":44,"column":1}},"line":8},"1":{"name":"(anonymous_1)","decl":{"start":{"line":46,"column":25},"end":{"line":46,"column":26}},"loc":{"start":{"line":46,"column":59},"end":{"line":86,"column":3}},"line":46},"2":{"name":"(anonymous_2)","decl":{"start":{"line":90,"column":27},"end":{"line":90,"column":28}},"loc":{"start":{"line":90,"column":39},"end":{"line":94,"column":1}},"line":90},"3":{"name":"(anonymous_3)","decl":{"start":{"line":97,"column":27},"end":{"line":97,"column":28}},"loc":{"start":{"line":97,"column":41},"end":{"line":110,"column":1}},"line":97},"4":{"name":"(anonymous_4)","decl":{"start":{"line":113,"column":33},"end":{"line":113,"column":34}},"loc":{"start":{"line":113,"column":53},"end":{"line":125,"column":1}},"line":113},"5":{"name":"(anonymous_5)","decl":{"start":{"line":128,"column":30},"end":{"line":128,"column":31}},"loc":{"start":{"line":128,"column":47},"end":{"line":140,"column":1}},"line":128},"6":{"name":"(anonymous_6)","decl":{"start":{"line":143,"column":37},"end":{"line":143,"column":38}},"loc":{"start":{"line":143,"column":57},"end":{"line":156,"column":1}},"line":143},"7":{"name":"(anonymous_7)","decl":{"start":{"line":159,"column":34},"end":{"line":159,"column":35}},"loc":{"start":{"line":159,"column":51},"end":{"line":172,"column":1}},"line":159},"8":{"name":"(anonymous_8)","decl":{"start":{"line":175,"column":28},"end":{"line":175,"column":29}},"loc":{"start":{"line":175,"column":102},"end":{"line":223,"column":1}},"line":175},"9":{"name":"(anonymous_9)","decl":{"start":{"line":226,"column":26},"end":{"line":226,"column":27}},"loc":{"start":{"line":226,"column":40},"end":{"line":239,"column":1}},"line":226}},"branchMap":{"0":{"loc":{"start":{"line":9,"column":2},"end":{"line":11,"column":3}},"type":"if","locations":[{"start":{"line":9,"column":2},"end":{"line":11,"column":3}},{"start":{},"end":{}}],"line":9},"1":{"loc":{"start":{"line":9,"column":6},"end":{"line":9,"column":80}},"type":"binary-expr","locations":[{"start":{"line":9,"column":6},"end":{"line":9,"column":16}},{"start":{"line":9,"column":20},"end":{"line":9,"column":29}},{"start":{"line":9,"column":33},"end":{"line":9,"column":46}},{"start":{"line":9,"column":50},"end":{"line":9,"column":59}},{"start":{"line":9,"column":63},"end":{"line":9,"column":72}},{"start":{"line":9,"column":76},"end":{"line":9,"column":80}}],"line":9},"2":{"loc":{"start":{"line":19,"column":2},"end":{"line":21,"column":3}},"type":"if","locations":[{"start":{"line":19,"column":2},"end":{"line":21,"column":3}},{"start":{},"end":{}}],"line":19},"3":{"loc":{"start":{"line":23,"column":2},"end":{"line":25,"column":3}},"type":"if","locations":[{"start":{"line":23,"column":2},"end":{"line":25,"column":3}},{"start":{},"end":{}}],"line":23},"4":{"loc":{"start":{"line":40,"column":2},"end":{"line":42,"column":3}},"type":"if","locations":[{"start":{"line":40,"column":2},"end":{"line":42,"column":3}},{"start":{},"end":{}}],"line":40},"5":{"loc":{"start":{"line":47,"column":4},"end":{"line":49,"column":5}},"type":"if","locations":[{"start":{"line":47,"column":4},"end":{"line":49,"column":5}},{"start":{},"end":{}}],"line":47},"6":{"loc":{"start":{"line":47,"column":8},"end":{"line":47,"column":34}},"type":"binary-expr","locations":[{"start":{"line":47,"column":8},"end":{"line":47,"column":21}},{"start":{"line":47,"column":25},"end":{"line":47,"column":34}}],"line":47},"7":{"loc":{"start":{"line":60,"column":4},"end":{"line":85,"column":5}},"type":"if","locations":[{"start":{"line":60,"column":4},"end":{"line":85,"column":5}},{"start":{"line":63,"column":9},"end":{"line":85,"column":5}}],"line":60},"8":{"loc":{"start":{"line":60,"column":8},"end":{"line":60,"column":41}},"type":"binary-expr","locations":[{"start":{"line":60,"column":8},"end":{"line":60,"column":21}},{"start":{"line":60,"column":25},"end":{"line":60,"column":41}}],"line":60},"9":{"loc":{"start":{"line":65,"column":6},"end":{"line":84,"column":7}},"type":"if","locations":[{"start":{"line":65,"column":6},"end":{"line":84,"column":7}},{"start":{"line":82,"column":11},"end":{"line":84,"column":7}}],"line":65},"10":{"loc":{"start":{"line":66,"column":8},"end":{"line":80,"column":9}},"type":"if","locations":[{"start":{"line":66,"column":8},"end":{"line":80,"column":9}},{"start":{"line":73,"column":13},"end":{"line":80,"column":9}}],"line":66},"11":{"loc":{"start":{"line":98,"column":2},"end":{"line":100,"column":3}},"type":"if","locations":[{"start":{"line":98,"column":2},"end":{"line":100,"column":3}},{"start":{},"end":{}}],"line":98},"12":{"loc":{"start":{"line":105,"column":2},"end":{"line":107,"column":3}},"type":"if","locations":[{"start":{"line":105,"column":2},"end":{"line":107,"column":3}},{"start":{},"end":{}}],"line":105},"13":{"loc":{"start":{"line":114,"column":2},"end":{"line":116,"column":3}},"type":"if","locations":[{"start":{"line":114,"column":2},"end":{"line":116,"column":3}},{"start":{},"end":{}}],"line":114},"14":{"loc":{"start":{"line":121,"column":2},"end":{"line":123,"column":3}},"type":"if","locations":[{"start":{"line":121,"column":2},"end":{"line":123,"column":3}},{"start":{},"end":{}}],"line":121},"15":{"loc":{"start":{"line":129,"column":2},"end":{"line":131,"column":3}},"type":"if","locations":[{"start":{"line":129,"column":2},"end":{"line":131,"column":3}},{"start":{},"end":{}}],"line":129},"16":{"loc":{"start":{"line":136,"column":2},"end":{"line":138,"column":3}},"type":"if","locations":[{"start":{"line":136,"column":2},"end":{"line":138,"column":3}},{"start":{},"end":{}}],"line":136},"17":{"loc":{"start":{"line":144,"column":2},"end":{"line":146,"column":3}},"type":"if","locations":[{"start":{"line":144,"column":2},"end":{"line":146,"column":3}},{"start":{},"end":{}}],"line":144},"18":{"loc":{"start":{"line":151,"column":2},"end":{"line":155,"column":3}},"type":"if","locations":[{"start":{"line":151,"column":2},"end":{"line":155,"column":3}},{"start":{"line":153,"column":9},"end":{"line":155,"column":3}}],"line":151},"19":{"loc":{"start":{"line":160,"column":2},"end":{"line":162,"column":3}},"type":"if","locations":[{"start":{"line":160,"column":2},"end":{"line":162,"column":3}},{"start":{},"end":{}}],"line":160},"20":{"loc":{"start":{"line":167,"column":2},"end":{"line":171,"column":3}},"type":"if","locations":[{"start":{"line":167,"column":2},"end":{"line":171,"column":3}},{"start":{"line":169,"column":9},"end":{"line":171,"column":3}}],"line":167},"21":{"loc":{"start":{"line":176,"column":2},"end":{"line":178,"column":3}},"type":"if","locations":[{"start":{"line":176,"column":2},"end":{"line":178,"column":3}},{"start":{},"end":{}}],"line":176},"22":{"loc":{"start":{"line":176,"column":6},"end":{"line":176,"column":86}},"type":"binary-expr","locations":[{"start":{"line":176,"column":6},"end":{"line":176,"column":9}},{"start":{"line":176,"column":13},"end":{"line":176,"column":23}},{"start":{"line":176,"column":27},"end":{"line":176,"column":36}},{"start":{"line":176,"column":40},"end":{"line":176,"column":53}},{"start":{"line":176,"column":57},"end":{"line":176,"column":66}},{"start":{"line":176,"column":70},"end":{"line":176,"column":78}},{"start":{"line":176,"column":82},"end":{"line":176,"column":86}}],"line":176},"23":{"loc":{"start":{"line":190,"column":2},"end":{"line":192,"column":3}},"type":"if","locations":[{"start":{"line":190,"column":2},"end":{"line":192,"column":3}},{"start":{},"end":{}}],"line":190},"24":{"loc":{"start":{"line":193,"column":2},"end":{"line":195,"column":3}},"type":"if","locations":[{"start":{"line":193,"column":2},"end":{"line":195,"column":3}},{"start":{},"end":{}}],"line":193},"25":{"loc":{"start":{"line":215,"column":2},"end":{"line":217,"column":3}},"type":"if","locations":[{"start":{"line":215,"column":2},"end":{"line":217,"column":3}},{"start":{},"end":{}}],"line":215},"26":{"loc":{"start":{"line":218,"column":2},"end":{"line":220,"column":3}},"type":"if","locations":[{"start":{"line":218,"column":2},"end":{"line":220,"column":3}},{"start":{},"end":{}}],"line":218},"27":{"loc":{"start":{"line":227,"column":2},"end":{"line":229,"column":3}},"type":"if","locations":[{"start":{"line":227,"column":2},"end":{"line":229,"column":3}},{"start":{},"end":{}}],"line":227},"28":{"loc":{"start":{"line":234,"column":2},"end":{"line":236,"column":3}},"type":"if","locations":[{"start":{"line":234,"column":2},"end":{"line":236,"column":3}},{"start":{},"end":{}}],"line":234}},"s":{"0":1,"1":1,"2":6,"3":1,"4":5,"5":5,"6":5,"7":5,"8":5,"9":5,"10":5,"11":0,"12":5,"13":5,"14":0,"15":5,"16":5,"17":5,"18":5,"19":5,"20":5,"21":0,"22":5,"23":1,"24":5,"25":0,"26":5,"27":5,"28":5,"29":5,"30":5,"31":5,"32":5,"33":1,"34":4,"35":4,"36":3,"37":0,"38":0,"39":0,"40":0,"41":3,"42":3,"43":3,"44":3,"45":3,"46":1,"47":1,"48":0,"49":0,"50":0,"51":1,"52":6,"53":0,"54":6,"55":6,"56":6,"57":6,"58":0,"59":6,"60":6,"61":1,"62":0,"63":0,"64":0,"65":0,"66":0,"67":0,"68":0,"69":0,"70":1,"71":0,"72":0,"73":0,"74":0,"75":0,"76":0,"77":0,"78":0,"79":1,"80":5,"81":0,"82":5,"83":5,"84":5,"85":5,"86":5,"87":0,"88":1,"89":5,"90":0,"91":5,"92":5,"93":5,"94":5,"95":5,"96":0,"97":1,"98":0,"99":0,"100":0,"101":0,"102":0,"103":0,"104":0,"105":0,"106":0,"107":0,"108":0,"109":0,"110":0,"111":0,"112":0,"113":0,"114":0,"115":0,"116":0,"117":0,"118":0,"119":0,"120":0,"121":0,"122":0,"123":1,"124":0,"125":0,"126":0,"127":0,"128":0,"129":0,"130":0,"131":0},"f":{"0":6,"1":5,"2":0,"3":6,"4":0,"5":0,"6":5,"7":5,"8":0,"9":0},"b":{"0":[1,5],"1":[6,5,5,5,5,5],"2":[0,5],"3":[0,5],"4":[0,5],"5":[0,5],"6":[5,5],"7":[1,4],"8":[5,1],"9":[3,1],"10":[0,3],"11":[0,6],"12":[0,6],"13":[0,0],"14":[0,0],"15":[0,0],"16":[0,0],"17":[0,5],"18":[5,0],"19":[0,5],"20":[5,0],"21":[0,0],"22":[0,0,0,0,0,0,0],"23":[0,0],"24":[0,0],"25":[0,0],"26":[0,0],"27":[0,0],"28":[0,0]},"_coverageSchema":"1a1c01bbd47fc00a2c39e90264f33305004495a9","hash":"9f3f2585d50aac7a134044d34150ba058c92b52c"}
}
