{"C:\\Users\\areeb\\Desktop\\CS 555-Final Project (1)\\CS555-Agile_Project\\helpers.js": {"path":"C:\\Users\\areeb\\Desktop\\CS 555-Final Project (1)\\CS555-Agile_Project\\helpers.js","statementMap":{"0":{"start":{"line":3,"column":27},"end":{"line":8,"column":1}},"1":{"start":{"line":4,"column":4},"end":{"line":6,"column":5}},"2":{"start":{"line":5,"column":8},"end":{"line":5,"column":53}},"3":{"start":{"line":7,"column":4},"end":{"line":7,"column":22}},"4":{"start":{"line":10,"column":25},"end":{"line":19,"column":1}},"5":{"start":{"line":11,"column":4},"end":{"line":11,"column":37}},"6":{"start":{"line":12,"column":4},"end":{"line":14,"column":5}},"7":{"start":{"line":13,"column":8},"end":{"line":13,"column":73}},"8":{"start":{"line":15,"column":4},"end":{"line":17,"column":5}},"9":{"start":{"line":16,"column":8},"end":{"line":16,"column":89}},"10":{"start":{"line":18,"column":4},"end":{"line":18,"column":16}},"11":{"start":{"line":21,"column":26},"end":{"line":27,"column":1}},"12":{"start":{"line":22,"column":4},"end":{"line":22,"column":40}},"13":{"start":{"line":23,"column":4},"end":{"line":25,"column":5}},"14":{"start":{"line":24,"column":8},"end":{"line":24,"column":54}},"15":{"start":{"line":26,"column":4},"end":{"line":26,"column":31}},"16":{"start":{"line":29,"column":29},"end":{"line":48,"column":1}},"17":{"start":{"line":30,"column":4},"end":{"line":30,"column":49}},"18":{"start":{"line":32,"column":4},"end":{"line":34,"column":5}},"19":{"start":{"line":33,"column":8},"end":{"line":33,"column":54}},"20":{"start":{"line":35,"column":4},"end":{"line":37,"column":5}},"21":{"start":{"line":36,"column":8},"end":{"line":36,"column":58}},"22":{"start":{"line":38,"column":4},"end":{"line":40,"column":5}},"23":{"start":{"line":39,"column":8},"end":{"line":39,"column":78}},"24":{"start":{"line":41,"column":4},"end":{"line":43,"column":5}},"25":{"start":{"line":42,"column":8},"end":{"line":42,"column":65}},"26":{"start":{"line":44,"column":4},"end":{"line":46,"column":5}},"27":{"start":{"line":45,"column":8},"end":{"line":45,"column":76}},"28":{"start":{"line":47,"column":4},"end":{"line":47,"column":20}},"29":{"start":{"line":50,"column":24},"end":{"line":61,"column":1}},"30":{"start":{"line":51,"column":4},"end":{"line":53,"column":5}},"31":{"start":{"line":52,"column":8},"end":{"line":52,"column":44}},"32":{"start":{"line":54,"column":4},"end":{"line":56,"column":5}},"33":{"start":{"line":55,"column":8},"end":{"line":55,"column":60}},"34":{"start":{"line":57,"column":4},"end":{"line":59,"column":5}},"35":{"start":{"line":58,"column":8},"end":{"line":58,"column":63}},"36":{"start":{"line":60,"column":4},"end":{"line":60,"column":15}},"37":{"start":{"line":63,"column":29},"end":{"line":75,"column":1}},"38":{"start":{"line":64,"column":4},"end":{"line":64,"column":49}},"39":{"start":{"line":65,"column":4},"end":{"line":67,"column":5}},"40":{"start":{"line":66,"column":8},"end":{"line":66,"column":87}},"41":{"start":{"line":68,"column":4},"end":{"line":70,"column":5}},"42":{"start":{"line":69,"column":8},"end":{"line":69,"column":54}},"43":{"start":{"line":71,"column":4},"end":{"line":73,"column":5}},"44":{"start":{"line":72,"column":8},"end":{"line":72,"column":65}},"45":{"start":{"line":74,"column":4},"end":{"line":74,"column":34}},"46":{"start":{"line":77,"column":23},"end":{"line":83,"column":1}},"47":{"start":{"line":78,"column":4},"end":{"line":78,"column":31}},"48":{"start":{"line":79,"column":4},"end":{"line":81,"column":5}},"49":{"start":{"line":80,"column":8},"end":{"line":80,"column":41}},"50":{"start":{"line":82,"column":4},"end":{"line":82,"column":14}}},"fnMap":{"0":{"name":"(anonymous_0)","decl":{"start":{"line":3,"column":27},"end":{"line":3,"column":28}},"loc":{"start":{"line":3,"column":48},"end":{"line":8,"column":1}},"line":3},"1":{"name":"(anonymous_1)","decl":{"start":{"line":10,"column":25},"end":{"line":10,"column":26}},"loc":{"start":{"line":10,"column":47},"end":{"line":19,"column":1}},"line":10},"2":{"name":"(anonymous_2)","decl":{"start":{"line":21,"column":26},"end":{"line":21,"column":27}},"loc":{"start":{"line":21,"column":37},"end":{"line":27,"column":1}},"line":21},"3":{"name":"(anonymous_3)","decl":{"start":{"line":29,"column":29},"end":{"line":29,"column":30}},"loc":{"start":{"line":29,"column":43},"end":{"line":48,"column":1}},"line":29},"4":{"name":"(anonymous_4)","decl":{"start":{"line":50,"column":24},"end":{"line":50,"column":25}},"loc":{"start":{"line":50,"column":33},"end":{"line":61,"column":1}},"line":50},"5":{"name":"(anonymous_5)","decl":{"start":{"line":63,"column":29},"end":{"line":63,"column":30}},"loc":{"start":{"line":63,"column":43},"end":{"line":75,"column":1}},"line":63},"6":{"name":"(anonymous_6)","decl":{"start":{"line":77,"column":23},"end":{"line":77,"column":24}},"loc":{"start":{"line":77,"column":31},"end":{"line":83,"column":1}},"line":77}},"branchMap":{"0":{"loc":{"start":{"line":4,"column":4},"end":{"line":6,"column":5}},"type":"if","locations":[{"start":{"line":4,"column":4},"end":{"line":6,"column":5}},{"start":{},"end":{}}],"line":4},"1":{"loc":{"start":{"line":4,"column":8},"end":{"line":4,"column":58}},"type":"binary-expr","locations":[{"start":{"line":4,"column":8},"end":{"line":4,"column":31}},{"start":{"line":4,"column":35},"end":{"line":4,"column":58}}],"line":4},"2":{"loc":{"start":{"line":12,"column":4},"end":{"line":14,"column":5}},"type":"if","locations":[{"start":{"line":12,"column":4},"end":{"line":14,"column":5}},{"start":{},"end":{}}],"line":12},"3":{"loc":{"start":{"line":15,"column":4},"end":{"line":17,"column":5}},"type":"if","locations":[{"start":{"line":15,"column":4},"end":{"line":17,"column":5}},{"start":{},"end":{}}],"line":15},"4":{"loc":{"start":{"line":15,"column":8},"end":{"line":15,"column":43}},"type":"binary-expr","locations":[{"start":{"line":15,"column":8},"end":{"line":15,"column":23}},{"start":{"line":15,"column":27},"end":{"line":15,"column":43}}],"line":15},"5":{"loc":{"start":{"line":23,"column":4},"end":{"line":25,"column":5}},"type":"if","locations":[{"start":{"line":23,"column":4},"end":{"line":25,"column":5}},{"start":{},"end":{}}],"line":23},"6":{"loc":{"start":{"line":32,"column":4},"end":{"line":34,"column":5}},"type":"if","locations":[{"start":{"line":32,"column":4},"end":{"line":34,"column":5}},{"start":{},"end":{}}],"line":32},"7":{"loc":{"start":{"line":35,"column":4},"end":{"line":37,"column":5}},"type":"if","locations":[{"start":{"line":35,"column":4},"end":{"line":37,"column":5}},{"start":{},"end":{}}],"line":35},"8":{"loc":{"start":{"line":38,"column":4},"end":{"line":40,"column":5}},"type":"if","locations":[{"start":{"line":38,"column":4},"end":{"line":40,"column":5}},{"start":{},"end":{}}],"line":38},"9":{"loc":{"start":{"line":41,"column":4},"end":{"line":43,"column":5}},"type":"if","locations":[{"start":{"line":41,"column":4},"end":{"line":43,"column":5}},{"start":{},"end":{}}],"line":41},"10":{"loc":{"start":{"line":44,"column":4},"end":{"line":46,"column":5}},"type":"if","locations":[{"start":{"line":44,"column":4},"end":{"line":46,"column":5}},{"start":{},"end":{}}],"line":44},"11":{"loc":{"start":{"line":51,"column":4},"end":{"line":53,"column":5}},"type":"if","locations":[{"start":{"line":51,"column":4},"end":{"line":53,"column":5}},{"start":{},"end":{}}],"line":51},"12":{"loc":{"start":{"line":54,"column":4},"end":{"line":56,"column":5}},"type":"if","locations":[{"start":{"line":54,"column":4},"end":{"line":56,"column":5}},{"start":{},"end":{}}],"line":54},"13":{"loc":{"start":{"line":57,"column":4},"end":{"line":59,"column":5}},"type":"if","locations":[{"start":{"line":57,"column":4},"end":{"line":59,"column":5}},{"start":{},"end":{}}],"line":57},"14":{"loc":{"start":{"line":65,"column":4},"end":{"line":67,"column":5}},"type":"if","locations":[{"start":{"line":65,"column":4},"end":{"line":67,"column":5}},{"start":{},"end":{}}],"line":65},"15":{"loc":{"start":{"line":65,"column":8},"end":{"line":65,"column":51}},"type":"binary-expr","locations":[{"start":{"line":65,"column":8},"end":{"line":65,"column":27}},{"start":{"line":65,"column":31},"end":{"line":65,"column":51}}],"line":65},"16":{"loc":{"start":{"line":68,"column":4},"end":{"line":70,"column":5}},"type":"if","locations":[{"start":{"line":68,"column":4},"end":{"line":70,"column":5}},{"start":{},"end":{}}],"line":68},"17":{"loc":{"start":{"line":71,"column":4},"end":{"line":73,"column":5}},"type":"if","locations":[{"start":{"line":71,"column":4},"end":{"line":73,"column":5}},{"start":{},"end":{}}],"line":71},"18":{"loc":{"start":{"line":79,"column":4},"end":{"line":81,"column":5}},"type":"if","locations":[{"start":{"line":79,"column":4},"end":{"line":81,"column":5}},{"start":{},"end":{}}],"line":79}},"s":{"0":1,"1":13,"2":0,"3":13,"4":1,"5":0,"6":0,"7":0,"8":0,"9":0,"10":0,"11":1,"12":0,"13":0,"14":0,"15":0,"16":1,"17":0,"18":0,"19":0,"20":0,"21":0,"22":0,"23":0,"24":0,"25":0,"26":0,"27":0,"28":0,"29":1,"30":0,"31":0,"32":0,"33":0,"34":0,"35":0,"36":0,"37":1,"38":0,"39":0,"40":0,"41":0,"42":0,"43":0,"44":0,"45":0,"46":1,"47":0,"48":0,"49":0,"50":0},"f":{"0":13,"1":0,"2":0,"3":0,"4":0,"5":0,"6":0},"b":{"0":[0,13],"1":[13,13],"2":[0,0],"3":[0,0],"4":[0,0],"5":[0,0],"6":[0,0],"7":[0,0],"8":[0,0],"9":[0,0],"10":[0,0],"11":[0,0],"12":[0,0],"13":[0,0],"14":[0,0],"15":[0,0],"16":[0,0],"17":[0,0],"18":[0,0]},"_coverageSchema":"1a1c01bbd47fc00a2c39e90264f33305004495a9","hash":"44bd42f333fbc4586edaa1b2f8a5a474744f4cff"}
,"C:\\Users\\areeb\\Desktop\\CS 555-Final Project (1)\\CS555-Agile_Project\\config\\mongoCollections.js": {"path":"C:\\Users\\areeb\\Desktop\\CS 555-Final Project (1)\\CS555-Agile_Project\\config\\mongoCollections.js","statementMap":{"0":{"start":{"line":5,"column":24},"end":{"line":16,"column":1}},"1":{"start":{"line":6,"column":13},"end":{"line":6,"column":22}},"2":{"start":{"line":8,"column":2},"end":{"line":15,"column":4}},"3":{"start":{"line":9,"column":4},"end":{"line":12,"column":5}},"4":{"start":{"line":10,"column":17},"end":{"line":10,"column":37}},"5":{"start":{"line":11,"column":6},"end":{"line":11,"column":45}},"6":{"start":{"line":14,"column":4},"end":{"line":14,"column":16}},"7":{"start":{"line":18,"column":21},"end":{"line":18,"column":45}},"8":{"start":{"line":19,"column":26},"end":{"line":19,"column":55}},"9":{"start":{"line":20,"column":27},"end":{"line":20,"column":57}}},"fnMap":{"0":{"name":"(anonymous_0)","decl":{"start":{"line":5,"column":24},"end":{"line":5,"column":25}},"loc":{"start":{"line":5,"column":40},"end":{"line":16,"column":1}},"line":5},"1":{"name":"(anonymous_1)","decl":{"start":{"line":8,"column":9},"end":{"line":8,"column":10}},"loc":{"start":{"line":8,"column":21},"end":{"line":15,"column":3}},"line":8}},"branchMap":{"0":{"loc":{"start":{"line":9,"column":4},"end":{"line":12,"column":5}},"type":"if","locations":[{"start":{"line":9,"column":4},"end":{"line":12,"column":5}},{"start":{},"end":{}}],"line":9}},"s":{"0":1,"1":3,"2":3,"3":5,"4":1,"5":1,"6":5,"7":1,"8":1,"9":1},"f":{"0":3,"1":5},"b":{"0":[1,4]},"_coverageSchema":"1a1c01bbd47fc00a2c39e90264f33305004495a9","hash":"388bf8f03bd5fe46f1573388d17c1f8c4789b899"}
,"C:\\Users\\areeb\\Desktop\\CS 555-Final Project (1)\\CS555-Agile_Project\\config\\mongoConnection.js": {"path":"C:\\Users\\areeb\\Desktop\\CS 555-Final Project (1)\\CS555-Agile_Project\\config\\mongoConnection.js","statementMap":{"0":{"start":{"line":4,"column":18},"end":{"line":4,"column":27}},"1":{"start":{"line":5,"column":10},"end":{"line":5,"column":19}},"2":{"start":{"line":7,"column":21},"end":{"line":14,"column":1}},"3":{"start":{"line":8,"column":2},"end":{"line":11,"column":3}},"4":{"start":{"line":9,"column":4},"end":{"line":9,"column":67}},"5":{"start":{"line":10,"column":4},"end":{"line":10,"column":47}},"6":{"start":{"line":13,"column":2},"end":{"line":13,"column":13}},"7":{"start":{"line":15,"column":24},"end":{"line":17,"column":1}},"8":{"start":{"line":16,"column":2},"end":{"line":16,"column":28}}},"fnMap":{"0":{"name":"(anonymous_0)","decl":{"start":{"line":7,"column":21},"end":{"line":7,"column":22}},"loc":{"start":{"line":7,"column":33},"end":{"line":14,"column":1}},"line":7},"1":{"name":"(anonymous_1)","decl":{"start":{"line":15,"column":24},"end":{"line":15,"column":25}},"loc":{"start":{"line":15,"column":36},"end":{"line":17,"column":1}},"line":15}},"branchMap":{"0":{"loc":{"start":{"line":8,"column":2},"end":{"line":11,"column":3}},"type":"if","locations":[{"start":{"line":8,"column":2},"end":{"line":11,"column":3}},{"start":{},"end":{}}],"line":8}},"s":{"0":1,"1":1,"2":1,"3":1,"4":1,"5":1,"6":1,"7":1,"8":0},"f":{"0":1,"1":0},"b":{"0":[1,0]},"_coverageSchema":"1a1c01bbd47fc00a2c39e90264f33305004495a9","hash":"9665c5baf13aa40ffbfbdf933252e394432b0ead"}
,"C:\\Users\\areeb\\Desktop\\CS 555-Final Project (1)\\CS555-Agile_Project\\config\\settings.js": {"path":"C:\\Users\\areeb\\Desktop\\CS 555-Final Project (1)\\CS555-Agile_Project\\config\\settings.js","statementMap":{"0":{"start":{"line":1,"column":27},"end":{"line":4,"column":1}}},"fnMap":{},"branchMap":{},"s":{"0":1},"f":{},"b":{},"_coverageSchema":"1a1c01bbd47fc00a2c39e90264f33305004495a9","hash":"b4d93ee40cecb03870161deeab734810cf04504a"}
,"C:\\Users\\areeb\\Desktop\\CS 555-Final Project (1)\\CS555-Agile_Project\\data\\attractions.js": {"path":"C:\\Users\\areeb\\Desktop\\CS 555-Final Project (1)\\CS555-Agile_Project\\data\\attractions.js","statementMap":{"0":{"start":{"line":7,"column":25},"end":{"line":97,"column":3}},"1":{"start":{"line":8,"column":4},"end":{"line":10,"column":5}},"2":{"start":{"line":9,"column":6},"end":{"line":9,"column":58}},"3":{"start":{"line":11,"column":4},"end":{"line":11,"column":77}},"4":{"start":{"line":12,"column":4},"end":{"line":12,"column":56}},"5":{"start":{"line":13,"column":4},"end":{"line":13,"column":76}},"6":{"start":{"line":14,"column":20},"end":{"line":14,"column":35}},"7":{"start":{"line":15,"column":4},"end":{"line":17,"column":5}},"8":{"start":{"line":16,"column":6},"end":{"line":16,"column":55}},"9":{"start":{"line":18,"column":19},"end":{"line":18,"column":29}},"10":{"start":{"line":19,"column":4},"end":{"line":28,"column":5}},"11":{"start":{"line":27,"column":6},"end":{"line":27,"column":55}},"12":{"start":{"line":29,"column":4},"end":{"line":31,"column":5}},"13":{"start":{"line":30,"column":6},"end":{"line":30,"column":55}},"14":{"start":{"line":32,"column":4},"end":{"line":34,"column":5}},"15":{"start":{"line":33,"column":6},"end":{"line":33,"column":55}},"16":{"start":{"line":35,"column":4},"end":{"line":35,"column":72}},"17":{"start":{"line":36,"column":4},"end":{"line":36,"column":66}},"18":{"start":{"line":37,"column":13},"end":{"line":37,"column":33}},"19":{"start":{"line":38,"column":13},"end":{"line":38,"column":31}},"20":{"start":{"line":39,"column":4},"end":{"line":47,"column":5}},"21":{"start":{"line":46,"column":6},"end":{"line":46,"column":61}},"22":{"start":{"line":48,"column":4},"end":{"line":56,"column":5}},"23":{"start":{"line":55,"column":6},"end":{"line":55,"column":59}},"24":{"start":{"line":57,"column":4},"end":{"line":59,"column":5}},"25":{"start":{"line":58,"column":6},"end":{"line":58,"column":61}},"26":{"start":{"line":60,"column":4},"end":{"line":62,"column":5}},"27":{"start":{"line":61,"column":6},"end":{"line":61,"column":61}},"28":{"start":{"line":63,"column":4},"end":{"line":65,"column":5}},"29":{"start":{"line":64,"column":6},"end":{"line":64,"column":59}},"30":{"start":{"line":66,"column":4},"end":{"line":68,"column":5}},"31":{"start":{"line":67,"column":6},"end":{"line":67,"column":59}},"32":{"start":{"line":69,"column":4},"end":{"line":71,"column":5}},"33":{"start":{"line":70,"column":6},"end":{"line":70,"column":46}},"34":{"start":{"line":72,"column":4},"end":{"line":74,"column":5}},"35":{"start":{"line":73,"column":8},"end":{"line":73,"column":46}},"36":{"start":{"line":75,"column":4},"end":{"line":75,"column":44}},"37":{"start":{"line":76,"column":4},"end":{"line":76,"column":40}},"38":{"start":{"line":77,"column":24},"end":{"line":88,"column":5}},"39":{"start":{"line":89,"column":33},"end":{"line":89,"column":52}},"40":{"start":{"line":90,"column":4},"end":{"line":92,"column":5}},"41":{"start":{"line":91,"column":8},"end":{"line":91,"column":54}},"42":{"start":{"line":93,"column":23},"end":{"line":93,"column":74}},"43":{"start":{"line":94,"column":4},"end":{"line":94,"column":87}},"44":{"start":{"line":94,"column":60},"end":{"line":94,"column":87}},"45":{"start":{"line":95,"column":17},"end":{"line":95,"column":56}},"46":{"start":{"line":96,"column":4},"end":{"line":96,"column":16}},"47":{"start":{"line":100,"column":38},"end":{"line":109,"column":3}},"48":{"start":{"line":101,"column":4},"end":{"line":103,"column":5}},"49":{"start":{"line":102,"column":6},"end":{"line":102,"column":51}},"50":{"start":{"line":104,"column":4},"end":{"line":104,"column":64}},"51":{"start":{"line":105,"column":33},"end":{"line":105,"column":51}},"52":{"start":{"line":106,"column":28},"end":{"line":106,"column":97}},"53":{"start":{"line":107,"column":4},"end":{"line":107,"column":64}},"54":{"start":{"line":107,"column":26},"end":{"line":107,"column":64}},"55":{"start":{"line":108,"column":4},"end":{"line":108,"column":27}},"56":{"start":{"line":111,"column":26},"end":{"line":115,"column":1}},"57":{"start":{"line":112,"column":33},"end":{"line":112,"column":52}},"58":{"start":{"line":113,"column":27},"end":{"line":113,"column":72}},"59":{"start":{"line":114,"column":4},"end":{"line":114,"column":26}},"60":{"start":{"line":118,"column":12},"end":{"line":131,"column":3}},"61":{"start":{"line":119,"column":4},"end":{"line":121,"column":5}},"62":{"start":{"line":120,"column":6},"end":{"line":120,"column":51}},"63":{"start":{"line":122,"column":4},"end":{"line":122,"column":70}},"64":{"start":{"line":123,"column":4},"end":{"line":125,"column":7}},"65":{"start":{"line":124,"column":8},"end":{"line":124,"column":41}},"66":{"start":{"line":126,"column":35},"end":{"line":126,"column":54}},"67":{"start":{"line":127,"column":25},"end":{"line":127,"column":96}},"68":{"start":{"line":128,"column":6},"end":{"line":128,"column":59}},"69":{"start":{"line":128,"column":23},"end":{"line":128,"column":59}},"70":{"start":{"line":129,"column":6},"end":{"line":129,"column":49}},"71":{"start":{"line":130,"column":6},"end":{"line":130,"column":24}},"72":{"start":{"line":135,"column":23},"end":{"line":207,"column":1}},"73":{"start":{"line":136,"column":4},"end":{"line":138,"column":5}},"74":{"start":{"line":137,"column":8},"end":{"line":137,"column":60}},"75":{"start":{"line":139,"column":4},"end":{"line":139,"column":77}},"76":{"start":{"line":140,"column":4},"end":{"line":140,"column":56}},"77":{"start":{"line":141,"column":4},"end":{"line":141,"column":76}},"78":{"start":{"line":142,"column":19},"end":{"line":142,"column":29}},"79":{"start":{"line":143,"column":4},"end":{"line":143,"column":72}},"80":{"start":{"line":144,"column":4},"end":{"line":144,"column":66}},"81":{"start":{"line":145,"column":13},"end":{"line":145,"column":33}},"82":{"start":{"line":146,"column":13},"end":{"line":146,"column":31}},"83":{"start":{"line":147,"column":4},"end":{"line":155,"column":5}},"84":{"start":{"line":154,"column":8},"end":{"line":154,"column":63}},"85":{"start":{"line":156,"column":4},"end":{"line":164,"column":5}},"86":{"start":{"line":163,"column":8},"end":{"line":163,"column":61}},"87":{"start":{"line":165,"column":4},"end":{"line":167,"column":5}},"88":{"start":{"line":166,"column":8},"end":{"line":166,"column":63}},"89":{"start":{"line":168,"column":6},"end":{"line":170,"column":7}},"90":{"start":{"line":169,"column":8},"end":{"line":169,"column":63}},"91":{"start":{"line":171,"column":6},"end":{"line":173,"column":7}},"92":{"start":{"line":172,"column":8},"end":{"line":172,"column":61}},"93":{"start":{"line":174,"column":6},"end":{"line":176,"column":7}},"94":{"start":{"line":175,"column":8},"end":{"line":175,"column":61}},"95":{"start":{"line":177,"column":6},"end":{"line":179,"column":7}},"96":{"start":{"line":178,"column":8},"end":{"line":178,"column":48}},"97":{"start":{"line":180,"column":6},"end":{"line":182,"column":7}},"98":{"start":{"line":181,"column":10},"end":{"line":181,"column":48}},"99":{"start":{"line":183,"column":6},"end":{"line":183,"column":46}},"100":{"start":{"line":184,"column":6},"end":{"line":184,"column":42}},"101":{"start":{"line":186,"column":33},"end":{"line":186,"column":51}},"102":{"start":{"line":187,"column":21},"end":{"line":187,"column":88}},"103":{"start":{"line":188,"column":30},"end":{"line":199,"column":5}},"104":{"start":{"line":200,"column":24},"end":{"line":200,"column":113}},"105":{"start":{"line":202,"column":4},"end":{"line":204,"column":5}},"106":{"start":{"line":203,"column":6},"end":{"line":203,"column":55}},"107":{"start":{"line":206,"column":4},"end":{"line":206,"column":29}},"108":{"start":{"line":210,"column":25},"end":{"line":224,"column":1}},"109":{"start":{"line":211,"column":4},"end":{"line":213,"column":7}},"110":{"start":{"line":212,"column":8},"end":{"line":212,"column":43}},"111":{"start":{"line":214,"column":6},"end":{"line":216,"column":7}},"112":{"start":{"line":215,"column":8},"end":{"line":215,"column":41}},"113":{"start":{"line":217,"column":35},"end":{"line":217,"column":54}},"114":{"start":{"line":218,"column":27},"end":{"line":220,"column":8}},"115":{"start":{"line":221,"column":6},"end":{"line":221,"column":108}},"116":{"start":{"line":221,"column":48},"end":{"line":221,"column":108}},"117":{"start":{"line":223,"column":6},"end":{"line":223,"column":54}}},"fnMap":{"0":{"name":"(anonymous_0)","decl":{"start":{"line":7,"column":25},"end":{"line":7,"column":26}},"loc":{"start":{"line":7,"column":143},"end":{"line":97,"column":3}},"line":7},"1":{"name":"(anonymous_1)","decl":{"start":{"line":100,"column":38},"end":{"line":100,"column":39}},"loc":{"start":{"line":100,"column":60},"end":{"line":109,"column":3}},"line":100},"2":{"name":"(anonymous_2)","decl":{"start":{"line":111,"column":26},"end":{"line":111,"column":27}},"loc":{"start":{"line":111,"column":38},"end":{"line":115,"column":1}},"line":111},"3":{"name":"(anonymous_3)","decl":{"start":{"line":118,"column":12},"end":{"line":118,"column":13}},"loc":{"start":{"line":118,"column":36},"end":{"line":131,"column":3}},"line":118},"4":{"name":"(anonymous_4)","decl":{"start":{"line":135,"column":23},"end":{"line":135,"column":24}},"loc":{"start":{"line":135,"column":155},"end":{"line":207,"column":1}},"line":135},"5":{"name":"(anonymous_5)","decl":{"start":{"line":210,"column":25},"end":{"line":210,"column":26}},"loc":{"start":{"line":210,"column":49},"end":{"line":224,"column":1}},"line":210}},"branchMap":{"0":{"loc":{"start":{"line":8,"column":4},"end":{"line":10,"column":5}},"type":"if","locations":[{"start":{"line":8,"column":4},"end":{"line":10,"column":5}},{"start":{},"end":{}}],"line":8},"1":{"loc":{"start":{"line":8,"column":8},"end":{"line":8,"column":139}},"type":"binary-expr","locations":[{"start":{"line":8,"column":8},"end":{"line":8,"column":19}},{"start":{"line":8,"column":23},"end":{"line":8,"column":35}},{"start":{"line":8,"column":39},"end":{"line":8,"column":53}},{"start":{"line":8,"column":57},"end":{"line":8,"column":69}},{"start":{"line":8,"column":73},"end":{"line":8,"column":85}},{"start":{"line":8,"column":89},"end":{"line":8,"column":94}},{"start":{"line":8,"column":98},"end":{"line":8,"column":108}},{"start":{"line":8,"column":112},"end":{"line":8,"column":120}},{"start":{"line":8,"column":124},"end":{"line":8,"column":139}}],"line":8},"2":{"loc":{"start":{"line":15,"column":4},"end":{"line":17,"column":5}},"type":"if","locations":[{"start":{"line":15,"column":4},"end":{"line":17,"column":5}},{"start":{},"end":{}}],"line":15},"3":{"loc":{"start":{"line":19,"column":4},"end":{"line":28,"column":5}},"type":"if","locations":[{"start":{"line":19,"column":4},"end":{"line":28,"column":5}},{"start":{},"end":{}}],"line":19},"4":{"loc":{"start":{"line":20,"column":6},"end":{"line":25,"column":34}},"type":"binary-expr","locations":[{"start":{"line":20,"column":6},"end":{"line":20,"column":31}},{"start":{"line":21,"column":6},"end":{"line":21,"column":31}},{"start":{"line":22,"column":6},"end":{"line":22,"column":31}},{"start":{"line":23,"column":6},"end":{"line":23,"column":34}},{"start":{"line":24,"column":6},"end":{"line":24,"column":34}},{"start":{"line":25,"column":6},"end":{"line":25,"column":34}}],"line":20},"5":{"loc":{"start":{"line":29,"column":4},"end":{"line":31,"column":5}},"type":"if","locations":[{"start":{"line":29,"column":4},"end":{"line":31,"column":5}},{"start":{},"end":{}}],"line":29},"6":{"loc":{"start":{"line":29,"column":8},"end":{"line":29,"column":53}},"type":"binary-expr","locations":[{"start":{"line":29,"column":8},"end":{"line":29,"column":28}},{"start":{"line":29,"column":32},"end":{"line":29,"column":53}}],"line":29},"7":{"loc":{"start":{"line":32,"column":4},"end":{"line":34,"column":5}},"type":"if","locations":[{"start":{"line":32,"column":4},"end":{"line":34,"column":5}},{"start":{},"end":{}}],"line":32},"8":{"loc":{"start":{"line":32,"column":8},"end":{"line":32,"column":53}},"type":"binary-expr","locations":[{"start":{"line":32,"column":8},"end":{"line":32,"column":28}},{"start":{"line":32,"column":32},"end":{"line":32,"column":53}}],"line":32},"9":{"loc":{"start":{"line":39,"column":4},"end":{"line":47,"column":5}},"type":"if","locations":[{"start":{"line":39,"column":4},"end":{"line":47,"column":5}},{"start":{},"end":{}}],"line":39},"10":{"loc":{"start":{"line":40,"column":6},"end":{"line":44,"column":27}},"type":"binary-expr","locations":[{"start":{"line":40,"column":6},"end":{"line":40,"column":20}},{"start":{"line":41,"column":6},"end":{"line":41,"column":23}},{"start":{"line":42,"column":6},"end":{"line":42,"column":23}},{"start":{"line":43,"column":6},"end":{"line":43,"column":27}},{"start":{"line":44,"column":6},"end":{"line":44,"column":27}}],"line":40},"11":{"loc":{"start":{"line":48,"column":4},"end":{"line":56,"column":5}},"type":"if","locations":[{"start":{"line":48,"column":4},"end":{"line":56,"column":5}},{"start":{},"end":{}}],"line":48},"12":{"loc":{"start":{"line":49,"column":6},"end":{"line":53,"column":27}},"type":"binary-expr","locations":[{"start":{"line":49,"column":6},"end":{"line":49,"column":20}},{"start":{"line":50,"column":6},"end":{"line":50,"column":23}},{"start":{"line":51,"column":6},"end":{"line":51,"column":23}},{"start":{"line":52,"column":6},"end":{"line":52,"column":27}},{"start":{"line":53,"column":6},"end":{"line":53,"column":27}}],"line":49},"13":{"loc":{"start":{"line":57,"column":4},"end":{"line":59,"column":5}},"type":"if","locations":[{"start":{"line":57,"column":4},"end":{"line":59,"column":5}},{"start":{},"end":{}}],"line":57},"14":{"loc":{"start":{"line":57,"column":8},"end":{"line":57,"column":39}},"type":"binary-expr","locations":[{"start":{"line":57,"column":8},"end":{"line":57,"column":21}},{"start":{"line":57,"column":25},"end":{"line":57,"column":39}}],"line":57},"15":{"loc":{"start":{"line":60,"column":4},"end":{"line":62,"column":5}},"type":"if","locations":[{"start":{"line":60,"column":4},"end":{"line":62,"column":5}},{"start":{},"end":{}}],"line":60},"16":{"loc":{"start":{"line":60,"column":8},"end":{"line":60,"column":39}},"type":"binary-expr","locations":[{"start":{"line":60,"column":8},"end":{"line":60,"column":21}},{"start":{"line":60,"column":25},"end":{"line":60,"column":39}}],"line":60},"17":{"loc":{"start":{"line":63,"column":4},"end":{"line":65,"column":5}},"type":"if","locations":[{"start":{"line":63,"column":4},"end":{"line":65,"column":5}},{"start":{},"end":{}}],"line":63},"18":{"loc":{"start":{"line":63,"column":8},"end":{"line":63,"column":39}},"type":"binary-expr","locations":[{"start":{"line":63,"column":8},"end":{"line":63,"column":21}},{"start":{"line":63,"column":25},"end":{"line":63,"column":39}}],"line":63},"19":{"loc":{"start":{"line":66,"column":4},"end":{"line":68,"column":5}},"type":"if","locations":[{"start":{"line":66,"column":4},"end":{"line":68,"column":5}},{"start":{},"end":{}}],"line":66},"20":{"loc":{"start":{"line":66,"column":8},"end":{"line":66,"column":39}},"type":"binary-expr","locations":[{"start":{"line":66,"column":8},"end":{"line":66,"column":21}},{"start":{"line":66,"column":25},"end":{"line":66,"column":39}}],"line":66},"21":{"loc":{"start":{"line":69,"column":4},"end":{"line":71,"column":5}},"type":"if","locations":[{"start":{"line":69,"column":4},"end":{"line":71,"column":5}},{"start":{},"end":{}}],"line":69},"22":{"loc":{"start":{"line":72,"column":4},"end":{"line":74,"column":5}},"type":"if","locations":[{"start":{"line":72,"column":4},"end":{"line":74,"column":5}},{"start":{},"end":{}}],"line":72},"23":{"loc":{"start":{"line":90,"column":4},"end":{"line":92,"column":5}},"type":"if","locations":[{"start":{"line":90,"column":4},"end":{"line":92,"column":5}},{"start":{},"end":{}}],"line":90},"24":{"loc":{"start":{"line":94,"column":4},"end":{"line":94,"column":87}},"type":"if","locations":[{"start":{"line":94,"column":4},"end":{"line":94,"column":87}},{"start":{},"end":{}}],"line":94},"25":{"loc":{"start":{"line":94,"column":8},"end":{"line":94,"column":58}},"type":"binary-expr","locations":[{"start":{"line":94,"column":8},"end":{"line":94,"column":32}},{"start":{"line":94,"column":36},"end":{"line":94,"column":58}}],"line":94},"26":{"loc":{"start":{"line":101,"column":4},"end":{"line":103,"column":5}},"type":"if","locations":[{"start":{"line":101,"column":4},"end":{"line":103,"column":5}},{"start":{},"end":{}}],"line":101},"27":{"loc":{"start":{"line":107,"column":4},"end":{"line":107,"column":64}},"type":"if","locations":[{"start":{"line":107,"column":4},"end":{"line":107,"column":64}},{"start":{},"end":{}}],"line":107},"28":{"loc":{"start":{"line":119,"column":4},"end":{"line":121,"column":5}},"type":"if","locations":[{"start":{"line":119,"column":4},"end":{"line":121,"column":5}},{"start":{},"end":{}}],"line":119},"29":{"loc":{"start":{"line":123,"column":4},"end":{"line":125,"column":7}},"type":"if","locations":[{"start":{"line":123,"column":4},"end":{"line":125,"column":7}},{"start":{},"end":{}}],"line":123},"30":{"loc":{"start":{"line":128,"column":6},"end":{"line":128,"column":59}},"type":"if","locations":[{"start":{"line":128,"column":6},"end":{"line":128,"column":59}},{"start":{},"end":{}}],"line":128},"31":{"loc":{"start":{"line":136,"column":4},"end":{"line":138,"column":5}},"type":"if","locations":[{"start":{"line":136,"column":4},"end":{"line":138,"column":5}},{"start":{},"end":{}}],"line":136},"32":{"loc":{"start":{"line":136,"column":8},"end":{"line":136,"column":156}},"type":"binary-expr","locations":[{"start":{"line":136,"column":8},"end":{"line":136,"column":19}},{"start":{"line":136,"column":23},"end":{"line":136,"column":36}},{"start":{"line":136,"column":40},"end":{"line":136,"column":52}},{"start":{"line":136,"column":56},"end":{"line":136,"column":71}},{"start":{"line":136,"column":75},"end":{"line":136,"column":80}},{"start":{"line":136,"column":84},"end":{"line":136,"column":94}},{"start":{"line":136,"column":98},"end":{"line":136,"column":112}},{"start":{"line":136,"column":116},"end":{"line":136,"column":128}},{"start":{"line":136,"column":132},"end":{"line":136,"column":144}},{"start":{"line":136,"column":148},"end":{"line":136,"column":156}}],"line":136},"33":{"loc":{"start":{"line":147,"column":4},"end":{"line":155,"column":5}},"type":"if","locations":[{"start":{"line":147,"column":4},"end":{"line":155,"column":5}},{"start":{},"end":{}}],"line":147},"34":{"loc":{"start":{"line":148,"column":8},"end":{"line":152,"column":29}},"type":"binary-expr","locations":[{"start":{"line":148,"column":8},"end":{"line":148,"column":22}},{"start":{"line":149,"column":8},"end":{"line":149,"column":25}},{"start":{"line":150,"column":8},"end":{"line":150,"column":25}},{"start":{"line":151,"column":8},"end":{"line":151,"column":29}},{"start":{"line":152,"column":8},"end":{"line":152,"column":29}}],"line":148},"35":{"loc":{"start":{"line":156,"column":4},"end":{"line":164,"column":5}},"type":"if","locations":[{"start":{"line":156,"column":4},"end":{"line":164,"column":5}},{"start":{},"end":{}}],"line":156},"36":{"loc":{"start":{"line":157,"column":8},"end":{"line":161,"column":29}},"type":"binary-expr","locations":[{"start":{"line":157,"column":8},"end":{"line":157,"column":22}},{"start":{"line":158,"column":8},"end":{"line":158,"column":25}},{"start":{"line":159,"column":8},"end":{"line":159,"column":25}},{"start":{"line":160,"column":8},"end":{"line":160,"column":29}},{"start":{"line":161,"column":8},"end":{"line":161,"column":29}}],"line":157},"37":{"loc":{"start":{"line":165,"column":4},"end":{"line":167,"column":5}},"type":"if","locations":[{"start":{"line":165,"column":4},"end":{"line":167,"column":5}},{"start":{},"end":{}}],"line":165},"38":{"loc":{"start":{"line":165,"column":8},"end":{"line":165,"column":39}},"type":"binary-expr","locations":[{"start":{"line":165,"column":8},"end":{"line":165,"column":21}},{"start":{"line":165,"column":25},"end":{"line":165,"column":39}}],"line":165},"39":{"loc":{"start":{"line":168,"column":6},"end":{"line":170,"column":7}},"type":"if","locations":[{"start":{"line":168,"column":6},"end":{"line":170,"column":7}},{"start":{},"end":{}}],"line":168},"40":{"loc":{"start":{"line":168,"column":10},"end":{"line":168,"column":41}},"type":"binary-expr","locations":[{"start":{"line":168,"column":10},"end":{"line":168,"column":23}},{"start":{"line":168,"column":27},"end":{"line":168,"column":41}}],"line":168},"41":{"loc":{"start":{"line":171,"column":6},"end":{"line":173,"column":7}},"type":"if","locations":[{"start":{"line":171,"column":6},"end":{"line":173,"column":7}},{"start":{},"end":{}}],"line":171},"42":{"loc":{"start":{"line":171,"column":10},"end":{"line":171,"column":41}},"type":"binary-expr","locations":[{"start":{"line":171,"column":10},"end":{"line":171,"column":23}},{"start":{"line":171,"column":27},"end":{"line":171,"column":41}}],"line":171},"43":{"loc":{"start":{"line":174,"column":6},"end":{"line":176,"column":7}},"type":"if","locations":[{"start":{"line":174,"column":6},"end":{"line":176,"column":7}},{"start":{},"end":{}}],"line":174},"44":{"loc":{"start":{"line":174,"column":10},"end":{"line":174,"column":41}},"type":"binary-expr","locations":[{"start":{"line":174,"column":10},"end":{"line":174,"column":23}},{"start":{"line":174,"column":27},"end":{"line":174,"column":41}}],"line":174},"45":{"loc":{"start":{"line":177,"column":6},"end":{"line":179,"column":7}},"type":"if","locations":[{"start":{"line":177,"column":6},"end":{"line":179,"column":7}},{"start":{},"end":{}}],"line":177},"46":{"loc":{"start":{"line":180,"column":6},"end":{"line":182,"column":7}},"type":"if","locations":[{"start":{"line":180,"column":6},"end":{"line":182,"column":7}},{"start":{},"end":{}}],"line":180},"47":{"loc":{"start":{"line":202,"column":4},"end":{"line":204,"column":5}},"type":"if","locations":[{"start":{"line":202,"column":4},"end":{"line":204,"column":5}},{"start":{},"end":{}}],"line":202},"48":{"loc":{"start":{"line":211,"column":4},"end":{"line":213,"column":7}},"type":"if","locations":[{"start":{"line":211,"column":4},"end":{"line":213,"column":7}},{"start":{},"end":{}}],"line":211},"49":{"loc":{"start":{"line":214,"column":6},"end":{"line":216,"column":7}},"type":"if","locations":[{"start":{"line":214,"column":6},"end":{"line":216,"column":7}},{"start":{},"end":{}}],"line":214},"50":{"loc":{"start":{"line":221,"column":6},"end":{"line":221,"column":108}},"type":"if","locations":[{"start":{"line":221,"column":6},"end":{"line":221,"column":108}},{"start":{},"end":{}}],"line":221}},"s":{"0":1,"1":2,"2":0,"3":2,"4":2,"5":2,"6":2,"7":2,"8":0,"9":2,"10":2,"11":0,"12":2,"13":0,"14":2,"15":0,"16":2,"17":2,"18":2,"19":2,"20":2,"21":0,"22":2,"23":0,"24":2,"25":0,"26":2,"27":0,"28":2,"29":0,"30":2,"31":0,"32":2,"33":0,"34":2,"35":0,"36":2,"37":2,"38":2,"39":2,"40":2,"41":0,"42":2,"43":2,"44":0,"45":2,"46":2,"47":1,"48":0,"49":0,"50":0,"51":0,"52":0,"53":0,"54":0,"55":0,"56":1,"57":0,"58":0,"59":0,"60":1,"61":3,"62":0,"63":3,"64":3,"65":0,"66":3,"67":3,"68":3,"69":0,"70":3,"71":3,"72":1,"73":0,"74":0,"75":0,"76":0,"77":0,"78":0,"79":0,"80":0,"81":0,"82":0,"83":0,"84":0,"85":0,"86":0,"87":0,"88":0,"89":0,"90":0,"91":0,"92":0,"93":0,"94":0,"95":0,"96":0,"97":0,"98":0,"99":0,"100":0,"101":0,"102":0,"103":0,"104":0,"105":0,"106":0,"107":0,"108":1,"109":0,"110":0,"111":0,"112":0,"113":0,"114":0,"115":0,"116":0,"117":0},"f":{"0":2,"1":0,"2":0,"3":3,"4":0,"5":0},"b":{"0":[0,2],"1":[2,2,2,2,2,2,2,2,2],"2":[0,2],"3":[0,2],"4":[2,2,2,2,2,2],"5":[0,2],"6":[2,2],"7":[0,2],"8":[2,2],"9":[0,2],"10":[2,2,2,2,2],"11":[0,2],"12":[2,2,2,2,2],"13":[0,2],"14":[2,2],"15":[0,2],"16":[2,2],"17":[0,2],"18":[2,2],"19":[0,2],"20":[2,2],"21":[0,2],"22":[0,2],"23":[0,2],"24":[0,2],"25":[2,2],"26":[0,0],"27":[0,0],"28":[0,3],"29":[0,3],"30":[0,3],"31":[0,0],"32":[0,0,0,0,0,0,0,0,0,0],"33":[0,0],"34":[0,0,0,0,0],"35":[0,0],"36":[0,0,0,0,0],"37":[0,0],"38":[0,0],"39":[0,0],"40":[0,0],"41":[0,0],"42":[0,0],"43":[0,0],"44":[0,0],"45":[0,0],"46":[0,0],"47":[0,0],"48":[0,0],"49":[0,0],"50":[0,0]},"_coverageSchema":"1a1c01bbd47fc00a2c39e90264f33305004495a9","hash":"4bc38c0e2c25dd93ac38cc6a0fd17aaf0f26579c"}
,"C:\\Users\\areeb\\Desktop\\CS 555-Final Project (1)\\CS555-Agile_Project\\data\\users.js": {"path":"C:\\Users\\areeb\\Desktop\\CS 555-Final Project (1)\\CS555-Agile_Project\\data\\users.js","statementMap":{"0":{"start":{"line":5,"column":19},"end":{"line":5,"column":20}},"1":{"start":{"line":8,"column":26},"end":{"line":44,"column":1}},"2":{"start":{"line":9,"column":2},"end":{"line":11,"column":3}},"3":{"start":{"line":10,"column":4},"end":{"line":10,"column":59}},"4":{"start":{"line":13,"column":2},"end":{"line":13,"column":35}},"5":{"start":{"line":14,"column":2},"end":{"line":14,"column":33}},"6":{"start":{"line":15,"column":2},"end":{"line":15,"column":42}},"7":{"start":{"line":16,"column":2},"end":{"line":16,"column":37}},"8":{"start":{"line":17,"column":2},"end":{"line":17,"column":37}},"9":{"start":{"line":18,"column":19},"end":{"line":18,"column":56}},"10":{"start":{"line":19,"column":2},"end":{"line":21,"column":3}},"11":{"start":{"line":20,"column":4},"end":{"line":20,"column":49}},"12":{"start":{"line":22,"column":20},"end":{"line":22,"column":58}},"13":{"start":{"line":23,"column":2},"end":{"line":25,"column":3}},"14":{"start":{"line":24,"column":4},"end":{"line":24,"column":53}},"15":{"start":{"line":26,"column":2},"end":{"line":26,"column":22}},"16":{"start":{"line":28,"column":17},"end":{"line":28,"column":56}},"17":{"start":{"line":29,"column":16},"end":{"line":37,"column":3}},"18":{"start":{"line":38,"column":25},"end":{"line":38,"column":38}},"19":{"start":{"line":39,"column":31},"end":{"line":39,"column":70}},"20":{"start":{"line":40,"column":2},"end":{"line":42,"column":3}},"21":{"start":{"line":41,"column":4},"end":{"line":41,"column":27}},"22":{"start":{"line":43,"column":2},"end":{"line":43,"column":71}},"23":{"start":{"line":46,"column":25},"end":{"line":92,"column":3}},"24":{"start":{"line":47,"column":4},"end":{"line":49,"column":5}},"25":{"start":{"line":48,"column":6},"end":{"line":48,"column":59}},"26":{"start":{"line":51,"column":4},"end":{"line":51,"column":44}},"27":{"start":{"line":52,"column":4},"end":{"line":52,"column":49}},"28":{"start":{"line":54,"column":27},"end":{"line":54,"column":40}},"29":{"start":{"line":55,"column":31},"end":{"line":55,"column":49}},"30":{"start":{"line":57,"column":17},"end":{"line":57,"column":75}},"31":{"start":{"line":58,"column":21},"end":{"line":58,"column":83}},"32":{"start":{"line":60,"column":4},"end":{"line":91,"column":5}},"33":{"start":{"line":61,"column":6},"end":{"line":61,"column":74}},"34":{"start":{"line":65,"column":6},"end":{"line":69,"column":7}},"35":{"start":{"line":66,"column":8},"end":{"line":66,"column":61}},"36":{"start":{"line":68,"column":8},"end":{"line":68,"column":65}},"37":{"start":{"line":71,"column":6},"end":{"line":90,"column":7}},"38":{"start":{"line":72,"column":8},"end":{"line":86,"column":9}},"39":{"start":{"line":74,"column":21},"end":{"line":74,"column":34}},"40":{"start":{"line":75,"column":29},"end":{"line":75,"column":50}},"41":{"start":{"line":76,"column":25},"end":{"line":76,"column":42}},"42":{"start":{"line":77,"column":10},"end":{"line":77,"column":48}},"43":{"start":{"line":81,"column":26},"end":{"line":81,"column":40}},"44":{"start":{"line":82,"column":25},"end":{"line":82,"column":38}},"45":{"start":{"line":83,"column":29},"end":{"line":83,"column":46}},"46":{"start":{"line":84,"column":25},"end":{"line":84,"column":38}},"47":{"start":{"line":85,"column":10},"end":{"line":85,"column":63}},"48":{"start":{"line":89,"column":8},"end":{"line":89,"column":75}},"49":{"start":{"line":96,"column":27},"end":{"line":100,"column":1}},"50":{"start":{"line":97,"column":25},"end":{"line":97,"column":38}},"51":{"start":{"line":98,"column":19},"end":{"line":98,"column":58}},"52":{"start":{"line":99,"column":2},"end":{"line":99,"column":18}},"53":{"start":{"line":103,"column":27},"end":{"line":116,"column":1}},"54":{"start":{"line":104,"column":2},"end":{"line":106,"column":3}},"55":{"start":{"line":105,"column":4},"end":{"line":105,"column":38}},"56":{"start":{"line":107,"column":2},"end":{"line":107,"column":19}},"57":{"start":{"line":109,"column":25},"end":{"line":109,"column":38}},"58":{"start":{"line":110,"column":15},"end":{"line":110,"column":70}},"59":{"start":{"line":111,"column":2},"end":{"line":113,"column":3}},"60":{"start":{"line":112,"column":4},"end":{"line":112,"column":34}},"61":{"start":{"line":114,"column":2},"end":{"line":114,"column":33}},"62":{"start":{"line":115,"column":2},"end":{"line":115,"column":14}},"63":{"start":{"line":119,"column":33},"end":{"line":132,"column":1}},"64":{"start":{"line":120,"column":2},"end":{"line":122,"column":3}},"65":{"start":{"line":121,"column":4},"end":{"line":121,"column":44}},"66":{"start":{"line":123,"column":2},"end":{"line":123,"column":37}},"67":{"start":{"line":125,"column":25},"end":{"line":125,"column":38}},"68":{"start":{"line":126,"column":15},"end":{"line":126,"column":67}},"69":{"start":{"line":127,"column":2},"end":{"line":129,"column":3}},"70":{"start":{"line":128,"column":4},"end":{"line":128,"column":34}},"71":{"start":{"line":130,"column":2},"end":{"line":130,"column":33}},"72":{"start":{"line":131,"column":2},"end":{"line":131,"column":14}},"73":{"start":{"line":135,"column":30},"end":{"line":148,"column":1}},"74":{"start":{"line":136,"column":2},"end":{"line":138,"column":3}},"75":{"start":{"line":137,"column":4},"end":{"line":137,"column":41}},"76":{"start":{"line":139,"column":2},"end":{"line":139,"column":28}},"77":{"start":{"line":141,"column":25},"end":{"line":141,"column":38}},"78":{"start":{"line":142,"column":15},"end":{"line":142,"column":68}},"79":{"start":{"line":143,"column":2},"end":{"line":145,"column":3}},"80":{"start":{"line":144,"column":4},"end":{"line":144,"column":34}},"81":{"start":{"line":146,"column":2},"end":{"line":146,"column":33}},"82":{"start":{"line":147,"column":2},"end":{"line":147,"column":14}},"83":{"start":{"line":151,"column":37},"end":{"line":164,"column":1}},"84":{"start":{"line":152,"column":2},"end":{"line":154,"column":3}},"85":{"start":{"line":153,"column":4},"end":{"line":153,"column":44}},"86":{"start":{"line":155,"column":2},"end":{"line":155,"column":37}},"87":{"start":{"line":157,"column":25},"end":{"line":157,"column":38}},"88":{"start":{"line":158,"column":15},"end":{"line":158,"column":67}},"89":{"start":{"line":159,"column":2},"end":{"line":163,"column":3}},"90":{"start":{"line":160,"column":4},"end":{"line":160,"column":17}},"91":{"start":{"line":162,"column":4},"end":{"line":162,"column":16}},"92":{"start":{"line":167,"column":34},"end":{"line":180,"column":1}},"93":{"start":{"line":168,"column":2},"end":{"line":170,"column":3}},"94":{"start":{"line":169,"column":4},"end":{"line":169,"column":41}},"95":{"start":{"line":171,"column":2},"end":{"line":171,"column":28}},"96":{"start":{"line":173,"column":25},"end":{"line":173,"column":38}},"97":{"start":{"line":174,"column":15},"end":{"line":174,"column":68}},"98":{"start":{"line":175,"column":2},"end":{"line":179,"column":3}},"99":{"start":{"line":176,"column":4},"end":{"line":176,"column":17}},"100":{"start":{"line":178,"column":4},"end":{"line":178,"column":16}},"101":{"start":{"line":183,"column":28},"end":{"line":231,"column":1}},"102":{"start":{"line":184,"column":2},"end":{"line":186,"column":3}},"103":{"start":{"line":185,"column":4},"end":{"line":185,"column":59}},"104":{"start":{"line":187,"column":2},"end":{"line":187,"column":19}},"105":{"start":{"line":188,"column":2},"end":{"line":188,"column":35}},"106":{"start":{"line":189,"column":2},"end":{"line":189,"column":33}},"107":{"start":{"line":190,"column":2},"end":{"line":190,"column":42}},"108":{"start":{"line":191,"column":2},"end":{"line":191,"column":37}},"109":{"start":{"line":192,"column":2},"end":{"line":192,"column":37}},"110":{"start":{"line":193,"column":2},"end":{"line":193,"column":22}},"111":{"start":{"line":195,"column":16},"end":{"line":195,"column":37}},"112":{"start":{"line":196,"column":21},"end":{"line":196,"column":54}},"113":{"start":{"line":197,"column":18},"end":{"line":197,"column":52}},"114":{"start":{"line":198,"column":2},"end":{"line":200,"column":3}},"115":{"start":{"line":199,"column":4},"end":{"line":199,"column":49}},"116":{"start":{"line":201,"column":2},"end":{"line":203,"column":3}},"117":{"start":{"line":202,"column":4},"end":{"line":202,"column":54}},"118":{"start":{"line":205,"column":17},"end":{"line":205,"column":56}},"119":{"start":{"line":207,"column":21},"end":{"line":215,"column":3}},"120":{"start":{"line":217,"column":25},"end":{"line":217,"column":38}},"121":{"start":{"line":218,"column":21},"end":{"line":222,"column":3}},"122":{"start":{"line":223,"column":2},"end":{"line":225,"column":3}},"123":{"start":{"line":224,"column":4},"end":{"line":224,"column":77}},"124":{"start":{"line":226,"column":2},"end":{"line":228,"column":3}},"125":{"start":{"line":227,"column":4},"end":{"line":227,"column":33}},"126":{"start":{"line":230,"column":2},"end":{"line":230,"column":26}},"127":{"start":{"line":234,"column":26},"end":{"line":247,"column":1}},"128":{"start":{"line":235,"column":2},"end":{"line":237,"column":3}},"129":{"start":{"line":236,"column":4},"end":{"line":236,"column":38}},"130":{"start":{"line":238,"column":2},"end":{"line":238,"column":19}},"131":{"start":{"line":240,"column":25},"end":{"line":240,"column":38}},"132":{"start":{"line":241,"column":15},"end":{"line":241,"column":79}},"133":{"start":{"line":242,"column":2},"end":{"line":244,"column":3}},"134":{"start":{"line":243,"column":4},"end":{"line":243,"column":58}},"135":{"start":{"line":246,"column":2},"end":{"line":246,"column":50}}},"fnMap":{"0":{"name":"(anonymous_0)","decl":{"start":{"line":8,"column":26},"end":{"line":8,"column":27}},"loc":{"start":{"line":8,"column":96},"end":{"line":44,"column":1}},"line":8},"1":{"name":"(anonymous_1)","decl":{"start":{"line":46,"column":25},"end":{"line":46,"column":26}},"loc":{"start":{"line":46,"column":59},"end":{"line":92,"column":3}},"line":46},"2":{"name":"(anonymous_2)","decl":{"start":{"line":96,"column":27},"end":{"line":96,"column":28}},"loc":{"start":{"line":96,"column":39},"end":{"line":100,"column":1}},"line":96},"3":{"name":"(anonymous_3)","decl":{"start":{"line":103,"column":27},"end":{"line":103,"column":28}},"loc":{"start":{"line":103,"column":41},"end":{"line":116,"column":1}},"line":103},"4":{"name":"(anonymous_4)","decl":{"start":{"line":119,"column":33},"end":{"line":119,"column":34}},"loc":{"start":{"line":119,"column":53},"end":{"line":132,"column":1}},"line":119},"5":{"name":"(anonymous_5)","decl":{"start":{"line":135,"column":30},"end":{"line":135,"column":31}},"loc":{"start":{"line":135,"column":47},"end":{"line":148,"column":1}},"line":135},"6":{"name":"(anonymous_6)","decl":{"start":{"line":151,"column":37},"end":{"line":151,"column":38}},"loc":{"start":{"line":151,"column":57},"end":{"line":164,"column":1}},"line":151},"7":{"name":"(anonymous_7)","decl":{"start":{"line":167,"column":34},"end":{"line":167,"column":35}},"loc":{"start":{"line":167,"column":51},"end":{"line":180,"column":1}},"line":167},"8":{"name":"(anonymous_8)","decl":{"start":{"line":183,"column":28},"end":{"line":183,"column":29}},"loc":{"start":{"line":183,"column":102},"end":{"line":231,"column":1}},"line":183},"9":{"name":"(anonymous_9)","decl":{"start":{"line":234,"column":26},"end":{"line":234,"column":27}},"loc":{"start":{"line":234,"column":40},"end":{"line":247,"column":1}},"line":234}},"branchMap":{"0":{"loc":{"start":{"line":9,"column":2},"end":{"line":11,"column":3}},"type":"if","locations":[{"start":{"line":9,"column":2},"end":{"line":11,"column":3}},{"start":{},"end":{}}],"line":9},"1":{"loc":{"start":{"line":9,"column":6},"end":{"line":9,"column":80}},"type":"binary-expr","locations":[{"start":{"line":9,"column":6},"end":{"line":9,"column":16}},{"start":{"line":9,"column":20},"end":{"line":9,"column":29}},{"start":{"line":9,"column":33},"end":{"line":9,"column":46}},{"start":{"line":9,"column":50},"end":{"line":9,"column":59}},{"start":{"line":9,"column":63},"end":{"line":9,"column":72}},{"start":{"line":9,"column":76},"end":{"line":9,"column":80}}],"line":9},"2":{"loc":{"start":{"line":19,"column":2},"end":{"line":21,"column":3}},"type":"if","locations":[{"start":{"line":19,"column":2},"end":{"line":21,"column":3}},{"start":{},"end":{}}],"line":19},"3":{"loc":{"start":{"line":23,"column":2},"end":{"line":25,"column":3}},"type":"if","locations":[{"start":{"line":23,"column":2},"end":{"line":25,"column":3}},{"start":{},"end":{}}],"line":23},"4":{"loc":{"start":{"line":40,"column":2},"end":{"line":42,"column":3}},"type":"if","locations":[{"start":{"line":40,"column":2},"end":{"line":42,"column":3}},{"start":{},"end":{}}],"line":40},"5":{"loc":{"start":{"line":47,"column":4},"end":{"line":49,"column":5}},"type":"if","locations":[{"start":{"line":47,"column":4},"end":{"line":49,"column":5}},{"start":{},"end":{}}],"line":47},"6":{"loc":{"start":{"line":47,"column":8},"end":{"line":47,"column":34}},"type":"binary-expr","locations":[{"start":{"line":47,"column":8},"end":{"line":47,"column":21}},{"start":{"line":47,"column":25},"end":{"line":47,"column":34}}],"line":47},"7":{"loc":{"start":{"line":60,"column":4},"end":{"line":91,"column":5}},"type":"if","locations":[{"start":{"line":60,"column":4},"end":{"line":91,"column":5}},{"start":{"line":63,"column":9},"end":{"line":91,"column":5}}],"line":60},"8":{"loc":{"start":{"line":60,"column":8},"end":{"line":60,"column":41}},"type":"binary-expr","locations":[{"start":{"line":60,"column":8},"end":{"line":60,"column":21}},{"start":{"line":60,"column":25},"end":{"line":60,"column":41}}],"line":60},"9":{"loc":{"start":{"line":65,"column":6},"end":{"line":69,"column":7}},"type":"if","locations":[{"start":{"line":65,"column":6},"end":{"line":69,"column":7}},{"start":{"line":67,"column":13},"end":{"line":69,"column":7}}],"line":65},"10":{"loc":{"start":{"line":71,"column":6},"end":{"line":90,"column":7}},"type":"if","locations":[{"start":{"line":71,"column":6},"end":{"line":90,"column":7}},{"start":{"line":88,"column":11},"end":{"line":90,"column":7}}],"line":71},"11":{"loc":{"start":{"line":72,"column":8},"end":{"line":86,"column":9}},"type":"if","locations":[{"start":{"line":72,"column":8},"end":{"line":86,"column":9}},{"start":{"line":79,"column":13},"end":{"line":86,"column":9}}],"line":72},"12":{"loc":{"start":{"line":104,"column":2},"end":{"line":106,"column":3}},"type":"if","locations":[{"start":{"line":104,"column":2},"end":{"line":106,"column":3}},{"start":{},"end":{}}],"line":104},"13":{"loc":{"start":{"line":111,"column":2},"end":{"line":113,"column":3}},"type":"if","locations":[{"start":{"line":111,"column":2},"end":{"line":113,"column":3}},{"start":{},"end":{}}],"line":111},"14":{"loc":{"start":{"line":120,"column":2},"end":{"line":122,"column":3}},"type":"if","locations":[{"start":{"line":120,"column":2},"end":{"line":122,"column":3}},{"start":{},"end":{}}],"line":120},"15":{"loc":{"start":{"line":127,"column":2},"end":{"line":129,"column":3}},"type":"if","locations":[{"start":{"line":127,"column":2},"end":{"line":129,"column":3}},{"start":{},"end":{}}],"line":127},"16":{"loc":{"start":{"line":136,"column":2},"end":{"line":138,"column":3}},"type":"if","locations":[{"start":{"line":136,"column":2},"end":{"line":138,"column":3}},{"start":{},"end":{}}],"line":136},"17":{"loc":{"start":{"line":143,"column":2},"end":{"line":145,"column":3}},"type":"if","locations":[{"start":{"line":143,"column":2},"end":{"line":145,"column":3}},{"start":{},"end":{}}],"line":143},"18":{"loc":{"start":{"line":152,"column":2},"end":{"line":154,"column":3}},"type":"if","locations":[{"start":{"line":152,"column":2},"end":{"line":154,"column":3}},{"start":{},"end":{}}],"line":152},"19":{"loc":{"start":{"line":159,"column":2},"end":{"line":163,"column":3}},"type":"if","locations":[{"start":{"line":159,"column":2},"end":{"line":163,"column":3}},{"start":{"line":161,"column":9},"end":{"line":163,"column":3}}],"line":159},"20":{"loc":{"start":{"line":168,"column":2},"end":{"line":170,"column":3}},"type":"if","locations":[{"start":{"line":168,"column":2},"end":{"line":170,"column":3}},{"start":{},"end":{}}],"line":168},"21":{"loc":{"start":{"line":175,"column":2},"end":{"line":179,"column":3}},"type":"if","locations":[{"start":{"line":175,"column":2},"end":{"line":179,"column":3}},{"start":{"line":177,"column":9},"end":{"line":179,"column":3}}],"line":175},"22":{"loc":{"start":{"line":184,"column":2},"end":{"line":186,"column":3}},"type":"if","locations":[{"start":{"line":184,"column":2},"end":{"line":186,"column":3}},{"start":{},"end":{}}],"line":184},"23":{"loc":{"start":{"line":184,"column":6},"end":{"line":184,"column":86}},"type":"binary-expr","locations":[{"start":{"line":184,"column":6},"end":{"line":184,"column":9}},{"start":{"line":184,"column":13},"end":{"line":184,"column":23}},{"start":{"line":184,"column":27},"end":{"line":184,"column":36}},{"start":{"line":184,"column":40},"end":{"line":184,"column":53}},{"start":{"line":184,"column":57},"end":{"line":184,"column":66}},{"start":{"line":184,"column":70},"end":{"line":184,"column":78}},{"start":{"line":184,"column":82},"end":{"line":184,"column":86}}],"line":184},"24":{"loc":{"start":{"line":198,"column":2},"end":{"line":200,"column":3}},"type":"if","locations":[{"start":{"line":198,"column":2},"end":{"line":200,"column":3}},{"start":{},"end":{}}],"line":198},"25":{"loc":{"start":{"line":201,"column":2},"end":{"line":203,"column":3}},"type":"if","locations":[{"start":{"line":201,"column":2},"end":{"line":203,"column":3}},{"start":{},"end":{}}],"line":201},"26":{"loc":{"start":{"line":223,"column":2},"end":{"line":225,"column":3}},"type":"if","locations":[{"start":{"line":223,"column":2},"end":{"line":225,"column":3}},{"start":{},"end":{}}],"line":223},"27":{"loc":{"start":{"line":226,"column":2},"end":{"line":228,"column":3}},"type":"if","locations":[{"start":{"line":226,"column":2},"end":{"line":228,"column":3}},{"start":{},"end":{}}],"line":226},"28":{"loc":{"start":{"line":235,"column":2},"end":{"line":237,"column":3}},"type":"if","locations":[{"start":{"line":235,"column":2},"end":{"line":237,"column":3}},{"start":{},"end":{}}],"line":235},"29":{"loc":{"start":{"line":242,"column":2},"end":{"line":244,"column":3}},"type":"if","locations":[{"start":{"line":242,"column":2},"end":{"line":244,"column":3}},{"start":{},"end":{}}],"line":242}},"s":{"0":1,"1":1,"2":0,"3":0,"4":0,"5":0,"6":0,"7":0,"8":0,"9":0,"10":0,"11":0,"12":0,"13":0,"14":0,"15":0,"16":0,"17":0,"18":0,"19":0,"20":0,"21":0,"22":0,"23":1,"24":0,"25":0,"26":0,"27":0,"28":0,"29":0,"30":0,"31":0,"32":0,"33":0,"34":0,"35":0,"36":0,"37":0,"38":0,"39":0,"40":0,"41":0,"42":0,"43":0,"44":0,"45":0,"46":0,"47":0,"48":0,"49":1,"50":0,"51":0,"52":0,"53":1,"54":0,"55":0,"56":0,"57":0,"58":0,"59":0,"60":0,"61":0,"62":0,"63":1,"64":0,"65":0,"66":0,"67":0,"68":0,"69":0,"70":0,"71":0,"72":0,"73":1,"74":0,"75":0,"76":0,"77":0,"78":0,"79":0,"80":0,"81":0,"82":0,"83":1,"84":0,"85":0,"86":0,"87":0,"88":0,"89":0,"90":0,"91":0,"92":1,"93":0,"94":0,"95":0,"96":0,"97":0,"98":0,"99":0,"100":0,"101":1,"102":0,"103":0,"104":0,"105":0,"106":0,"107":0,"108":0,"109":0,"110":0,"111":0,"112":0,"113":0,"114":0,"115":0,"116":0,"117":0,"118":0,"119":0,"120":0,"121":0,"122":0,"123":0,"124":0,"125":0,"126":0,"127":1,"128":0,"129":0,"130":0,"131":0,"132":0,"133":0,"134":0,"135":0},"f":{"0":0,"1":0,"2":0,"3":0,"4":0,"5":0,"6":0,"7":0,"8":0,"9":0},"b":{"0":[0,0],"1":[0,0,0,0,0,0],"2":[0,0],"3":[0,0],"4":[0,0],"5":[0,0],"6":[0,0],"7":[0,0],"8":[0,0],"9":[0,0],"10":[0,0],"11":[0,0],"12":[0,0],"13":[0,0],"14":[0,0],"15":[0,0],"16":[0,0],"17":[0,0],"18":[0,0],"19":[0,0],"20":[0,0],"21":[0,0],"22":[0,0],"23":[0,0,0,0,0,0,0],"24":[0,0],"25":[0,0],"26":[0,0],"27":[0,0],"28":[0,0],"29":[0,0]},"_coverageSchema":"1a1c01bbd47fc00a2c39e90264f33305004495a9","hash":"23d0e9cea0760c29be39c5173892b6956d99c8e8"}
}
