TN:
SF:helpers.js
FN:3,(anonymous_0)
FN:10,(anonymous_1)
FN:21,(anonymous_2)
FN:29,(anonymous_3)
FN:50,(anonymous_4)
FN:63,(anonymous_5)
FN:77,(anonymous_6)
FNF:7
FNH:7
FNDA:90,(anonymous_0)
FNDA:16,(anonymous_1)
FNDA:23,(anonymous_2)
FNDA:8,(anonymous_3)
FNDA:8,(anonymous_4)
FNDA:16,(anonymous_5)
FNDA:9,(anonymous_6)
DA:3,1
DA:4,90
DA:5,0
DA:7,90
DA:10,1
DA:11,16
DA:12,16
DA:13,0
DA:15,16
DA:16,0
DA:18,16
DA:21,1
DA:22,23
DA:23,23
DA:24,0
DA:26,23
DA:29,1
DA:30,8
DA:32,8
DA:33,0
DA:35,8
DA:36,0
DA:38,8
DA:39,0
DA:41,8
DA:42,0
DA:44,8
DA:45,0
DA:47,8
DA:50,1
DA:51,8
DA:52,0
DA:54,8
DA:55,0
DA:57,8
DA:58,0
DA:60,8
DA:63,1
DA:64,16
DA:65,16
DA:66,0
DA:68,16
DA:69,0
DA:71,16
DA:72,0
DA:74,16
DA:77,1
DA:78,9
DA:79,9
DA:80,0
DA:82,9
LF:51
LH:35
BRDA:4,0,0,0
BRDA:4,0,1,90
BRDA:4,1,0,90
BRDA:4,1,1,90
BRDA:12,2,0,0
BRDA:12,2,1,16
BRDA:15,3,0,0
BRDA:15,3,1,16
BRDA:15,4,0,16
BRDA:15,4,1,16
BRDA:23,5,0,0
BRDA:23,5,1,23
BRDA:32,6,0,0
BRDA:32,6,1,8
BRDA:35,7,0,0
BRDA:35,7,1,8
BRDA:38,8,0,0
BRDA:38,8,1,8
BRDA:41,9,0,0
BRDA:41,9,1,8
BRDA:44,10,0,0
BRDA:44,10,1,8
BRDA:51,11,0,0
BRDA:51,11,1,8
BRDA:54,12,0,0
BRDA:54,12,1,8
BRDA:57,13,0,0
BRDA:57,13,1,8
BRDA:65,14,0,0
BRDA:65,14,1,16
BRDA:65,15,0,16
BRDA:65,15,1,16
BRDA:68,16,0,0
BRDA:68,16,1,16
BRDA:71,17,0,0
BRDA:71,17,1,16
BRDA:79,18,0,0
BRDA:79,18,1,9
BRF:38
BRH:22
end_of_record
TN:
SF:config\mongoCollections.js
FN:5,(anonymous_0)
FN:8,(anonymous_1)
FNF:2
FNH:2
FNDA:3,(anonymous_0)
FNDA:51,(anonymous_1)
DA:5,1
DA:6,3
DA:8,3
DA:9,51
DA:10,3
DA:11,3
DA:14,51
DA:18,1
DA:19,1
DA:20,1
LF:10
LH:10
BRDA:9,0,0,3
BRDA:9,0,1,48
BRF:2
BRH:2
end_of_record
TN:
SF:config\mongoConnection.js
FN:7,(anonymous_0)
FN:16,(anonymous_1)
FNF:2
FNH:1
FNDA:3,(anonymous_0)
FNDA:0,(anonymous_1)
DA:4,1
DA:5,1
DA:7,1
DA:8,3
DA:9,1
DA:10,1
DA:13,3
DA:16,1
DA:17,0
LF:9
LH:8
BRDA:8,0,0,1
BRDA:8,0,1,2
BRF:2
BRH:2
end_of_record
TN:
SF:config\settings.js
FNF:0
FNH:0
DA:1,1
LF:1
LH:1
BRF:0
BRH:0
end_of_record
TN:
SF:data\attractions.js
FN:7,(anonymous_0)
FN:100,(anonymous_1)
FN:111,(anonymous_2)
FN:118,(anonymous_3)
FN:135,(anonymous_4)
FN:210,(anonymous_5)
FNF:6
FNH:2
FNDA:2,(anonymous_0)
FNDA:0,(anonymous_1)
FNDA:0,(anonymous_2)
FNDA:3,(anonymous_3)
FNDA:0,(anonymous_4)
FNDA:0,(anonymous_5)
DA:7,1
DA:8,2
DA:9,0
DA:11,2
DA:12,2
DA:13,2
DA:14,2
DA:15,2
DA:16,0
DA:18,2
DA:19,2
DA:27,0
DA:29,2
DA:30,0
DA:32,2
DA:33,0
DA:35,2
DA:36,2
DA:37,2
DA:38,2
DA:39,2
DA:46,0
DA:48,2
DA:55,0
DA:57,2
DA:58,0
DA:60,2
DA:61,0
DA:63,2
DA:64,0
DA:66,2
DA:67,0
DA:69,2
DA:70,0
DA:72,2
DA:73,0
DA:75,2
DA:76,2
DA:77,2
DA:89,2
DA:90,2
DA:91,0
DA:93,2
DA:94,2
DA:95,2
DA:96,2
DA:100,1
DA:101,0
DA:102,0
DA:104,0
DA:105,0
DA:106,0
DA:107,0
DA:108,0
DA:111,1
DA:112,0
DA:113,0
DA:114,0
DA:118,1
DA:119,3
DA:120,0
DA:122,3
DA:123,3
DA:124,0
DA:126,3
DA:127,3
DA:128,3
DA:129,3
DA:130,3
DA:135,1
DA:136,0
DA:137,0
DA:139,0
DA:140,0
DA:141,0
DA:142,0
DA:143,0
DA:144,0
DA:145,0
DA:146,0
DA:147,0
DA:154,0
DA:156,0
DA:163,0
DA:165,0
DA:166,0
DA:168,0
DA:169,0
DA:171,0
DA:172,0
DA:174,0
DA:175,0
DA:177,0
DA:178,0
DA:180,0
DA:181,0
DA:183,0
DA:184,0
DA:186,0
DA:187,0
DA:188,0
DA:200,0
DA:202,0
DA:203,0
DA:206,0
DA:210,1
DA:211,0
DA:212,0
DA:214,0
DA:215,0
DA:217,0
DA:218,0
DA:221,0
DA:223,0
LF:114
LH:45
BRDA:8,0,0,0
BRDA:8,0,1,2
BRDA:8,1,0,2
BRDA:8,1,1,2
BRDA:8,1,2,2
BRDA:8,1,3,2
BRDA:8,1,4,2
BRDA:8,1,5,2
BRDA:8,1,6,2
BRDA:8,1,7,2
BRDA:8,1,8,2
BRDA:15,2,0,0
BRDA:15,2,1,2
BRDA:19,3,0,0
BRDA:19,3,1,2
BRDA:20,4,0,2
BRDA:20,4,1,2
BRDA:20,4,2,2
BRDA:20,4,3,2
BRDA:20,4,4,2
BRDA:20,4,5,2
BRDA:29,5,0,0
BRDA:29,5,1,2
BRDA:29,6,0,2
BRDA:29,6,1,2
BRDA:32,7,0,0
BRDA:32,7,1,2
BRDA:32,8,0,2
BRDA:32,8,1,2
BRDA:39,9,0,0
BRDA:39,9,1,2
BRDA:40,10,0,2
BRDA:40,10,1,2
BRDA:40,10,2,2
BRDA:40,10,3,2
BRDA:40,10,4,2
BRDA:48,11,0,0
BRDA:48,11,1,2
BRDA:49,12,0,2
BRDA:49,12,1,2
BRDA:49,12,2,2
BRDA:49,12,3,2
BRDA:49,12,4,2
BRDA:57,13,0,0
BRDA:57,13,1,2
BRDA:57,14,0,2
BRDA:57,14,1,2
BRDA:60,15,0,0
BRDA:60,15,1,2
BRDA:60,16,0,2
BRDA:60,16,1,2
BRDA:63,17,0,0
BRDA:63,17,1,2
BRDA:63,18,0,2
BRDA:63,18,1,2
BRDA:66,19,0,0
BRDA:66,19,1,2
BRDA:66,20,0,2
BRDA:66,20,1,2
BRDA:69,21,0,0
BRDA:69,21,1,2
BRDA:72,22,0,0
BRDA:72,22,1,2
BRDA:90,23,0,0
BRDA:90,23,1,2
BRDA:94,24,0,0
BRDA:94,24,1,2
BRDA:94,25,0,2
BRDA:94,25,1,2
BRDA:101,26,0,0
BRDA:101,26,1,0
BRDA:107,27,0,0
BRDA:107,27,1,0
BRDA:119,28,0,0
BRDA:119,28,1,3
BRDA:123,29,0,0
BRDA:123,29,1,3
BRDA:128,30,0,0
BRDA:128,30,1,3
BRDA:136,31,0,0
BRDA:136,31,1,0
BRDA:136,32,0,0
BRDA:136,32,1,0
BRDA:136,32,2,0
BRDA:136,32,3,0
BRDA:136,32,4,0
BRDA:136,32,5,0
BRDA:136,32,6,0
BRDA:136,32,7,0
BRDA:136,32,8,0
BRDA:136,32,9,0
BRDA:147,33,0,0
BRDA:147,33,1,0
BRDA:148,34,0,0
BRDA:148,34,1,0
BRDA:148,34,2,0
BRDA:148,34,3,0
BRDA:148,34,4,0
BRDA:156,35,0,0
BRDA:156,35,1,0
BRDA:157,36,0,0
BRDA:157,36,1,0
BRDA:157,36,2,0
BRDA:157,36,3,0
BRDA:157,36,4,0
BRDA:165,37,0,0
BRDA:165,37,1,0
BRDA:165,38,0,0
BRDA:165,38,1,0
BRDA:168,39,0,0
BRDA:168,39,1,0
BRDA:168,40,0,0
BRDA:168,40,1,0
BRDA:171,41,0,0
BRDA:171,41,1,0
BRDA:171,42,0,0
BRDA:171,42,1,0
BRDA:174,43,0,0
BRDA:174,43,1,0
BRDA:174,44,0,0
BRDA:174,44,1,0
BRDA:177,45,0,0
BRDA:177,45,1,0
BRDA:180,46,0,0
BRDA:180,46,1,0
BRDA:202,47,0,0
BRDA:202,47,1,0
BRDA:211,48,0,0
BRDA:211,48,1,0
BRDA:214,49,0,0
BRDA:214,49,1,0
BRDA:221,50,0,0
BRDA:221,50,1,0
BRF:133
BRH:57
end_of_record
TN:
SF:data\users.js
FN:8,(anonymous_0)
FN:46,(anonymous_1)
FN:96,(anonymous_2)
FN:103,(anonymous_3)
FN:119,(anonymous_4)
FN:135,(anonymous_5)
FN:151,(anonymous_6)
FN:167,(anonymous_7)
FN:183,(anonymous_8)
FN:234,(anonymous_9)
FNF:10
FNH:7
FNDA:9,(anonymous_0)
FNDA:5,(anonymous_1)
FNDA:1,(anonymous_2)
FNDA:9,(anonymous_3)
FNDA:0,(anonymous_4)
FNDA:2,(anonymous_5)
FNDA:8,(anonymous_6)
FNDA:8,(anonymous_7)
FNDA:0,(anonymous_8)
FNDA:0,(anonymous_9)
DA:5,1
DA:8,1
DA:9,9
DA:10,1
DA:13,8
DA:14,8
DA:15,8
DA:16,8
DA:17,8
DA:18,8
DA:19,8
DA:20,0
DA:22,8
DA:23,8
DA:24,0
DA:26,8
DA:28,8
DA:29,8
DA:38,8
DA:39,8
DA:40,8
DA:41,0
DA:43,8
DA:46,1
DA:47,5
DA:48,0
DA:51,5
DA:52,5
DA:54,5
DA:55,5
DA:57,5
DA:58,5
DA:60,5
DA:61,1
DA:65,4
DA:66,4
DA:68,0
DA:71,4
DA:72,3
DA:74,0
DA:75,0
DA:76,0
DA:77,0
DA:81,3
DA:82,3
DA:83,3
DA:84,3
DA:85,3
DA:89,1
DA:96,1
DA:97,1
DA:98,1
DA:99,1
DA:103,1
DA:104,9
DA:105,0
DA:107,9
DA:109,9
DA:110,9
DA:111,9
DA:112,0
DA:114,9
DA:115,9
DA:119,1
DA:120,0
DA:121,0
DA:123,0
DA:125,0
DA:126,0
DA:127,0
DA:128,0
DA:130,0
DA:131,0
DA:135,1
DA:136,2
DA:137,0
DA:139,2
DA:141,2
DA:142,2
DA:143,2
DA:144,1
DA:146,1
DA:147,1
DA:151,1
DA:152,8
DA:153,0
DA:155,8
DA:157,8
DA:158,8
DA:159,8
DA:160,8
DA:162,0
DA:167,1
DA:168,8
DA:169,0
DA:171,8
DA:173,8
DA:174,8
DA:175,8
DA:176,8
DA:178,0
DA:183,1
DA:184,0
DA:185,0
DA:187,0
DA:188,0
DA:189,0
DA:190,0
DA:191,0
DA:192,0
DA:193,0
DA:195,0
DA:196,0
DA:197,0
DA:198,0
DA:199,0
DA:201,0
DA:202,0
DA:205,0
DA:207,0
DA:217,0
DA:218,0
DA:223,0
DA:224,0
DA:226,0
DA:227,0
DA:230,0
DA:234,1
DA:235,0
DA:236,0
DA:238,0
DA:240,0
DA:241,0
DA:242,0
DA:243,0
DA:246,0
LF:136
LH:78
BRDA:9,0,0,1
BRDA:9,0,1,8
BRDA:9,1,0,9
BRDA:9,1,1,8
BRDA:9,1,2,8
BRDA:9,1,3,8
BRDA:9,1,4,8
BRDA:9,1,5,8
BRDA:19,2,0,0
BRDA:19,2,1,8
BRDA:23,3,0,0
BRDA:23,3,1,8
BRDA:40,4,0,0
BRDA:40,4,1,8
BRDA:47,5,0,0
BRDA:47,5,1,5
BRDA:47,6,0,5
BRDA:47,6,1,5
BRDA:60,7,0,1
BRDA:60,7,1,4
BRDA:60,8,0,5
BRDA:60,8,1,1
BRDA:65,9,0,4
BRDA:65,9,1,0
BRDA:71,10,0,3
BRDA:71,10,1,1
BRDA:72,11,0,0
BRDA:72,11,1,3
BRDA:104,12,0,0
BRDA:104,12,1,9
BRDA:111,13,0,0
BRDA:111,13,1,9
BRDA:120,14,0,0
BRDA:120,14,1,0
BRDA:127,15,0,0
BRDA:127,15,1,0
BRDA:136,16,0,0
BRDA:136,16,1,2
BRDA:143,17,0,1
BRDA:143,17,1,1
BRDA:152,18,0,0
BRDA:152,18,1,8
BRDA:159,19,0,8
BRDA:159,19,1,0
BRDA:168,20,0,0
BRDA:168,20,1,8
BRDA:175,21,0,8
BRDA:175,21,1,0
BRDA:184,22,0,0
BRDA:184,22,1,0
BRDA:184,23,0,0
BRDA:184,23,1,0
BRDA:184,23,2,0
BRDA:184,23,3,0
BRDA:184,23,4,0
BRDA:184,23,5,0
BRDA:184,23,6,0
BRDA:198,24,0,0
BRDA:198,24,1,0
BRDA:201,25,0,0
BRDA:201,25,1,0
BRDA:223,26,0,0
BRDA:223,26,1,0
BRDA:226,27,0,0
BRDA:226,27,1,0
BRDA:235,28,0,0
BRDA:235,28,1,0
BRDA:242,29,0,0
BRDA:242,29,1,0
BRF:69
BRH:31
end_of_record
