TN:
SF:helpers.js
FN:3,(anonymous_0)
FN:10,(anonymous_1)
FN:21,(anonymous_2)
FN:29,(anonymous_3)
FN:50,(anonymous_4)
FN:63,(anonymous_5)
FN:77,(anonymous_6)
FNF:7
FNH:7
FNDA:24,(anonymous_0)
FNDA:4,(anonymous_1)
FNDA:8,(anonymous_2)
FNDA:2,(anonymous_3)
FNDA:2,(anonymous_4)
FNDA:4,(anonymous_5)
FNDA:2,(anonymous_6)
DA:3,1
DA:4,24
DA:5,0
DA:7,24
DA:10,1
DA:11,4
DA:12,4
DA:13,0
DA:15,4
DA:16,0
DA:18,4
DA:21,1
DA:22,8
DA:26,8
DA:29,1
DA:30,2
DA:32,2
DA:33,0
DA:35,2
DA:36,0
DA:38,2
DA:39,0
DA:41,2
DA:42,0
DA:44,2
DA:45,0
DA:47,2
DA:50,1
DA:51,2
DA:52,0
DA:54,2
DA:55,0
DA:57,2
DA:58,0
DA:60,2
DA:63,1
DA:64,4
DA:65,4
DA:66,0
DA:68,4
DA:69,0
DA:71,4
DA:72,0
DA:74,4
DA:77,1
DA:78,2
DA:79,2
DA:80,0
DA:82,2
LF:49
LH:34
BRDA:4,0,0,0
BRDA:4,0,1,24
BRDA:4,1,0,24
BRDA:4,1,1,24
BRDA:12,2,0,0
BRDA:12,2,1,4
BRDA:15,3,0,0
BRDA:15,3,1,4
BRDA:15,4,0,4
BRDA:15,4,1,4
BRDA:32,5,0,0
BRDA:32,5,1,2
BRDA:35,6,0,0
BRDA:35,6,1,2
BRDA:38,7,0,0
BRDA:38,7,1,2
BRDA:41,8,0,0
BRDA:41,8,1,2
BRDA:44,9,0,0
BRDA:44,9,1,2
BRDA:51,10,0,0
BRDA:51,10,1,2
BRDA:54,11,0,0
BRDA:54,11,1,2
BRDA:57,12,0,0
BRDA:57,12,1,2
BRDA:65,13,0,0
BRDA:65,13,1,4
BRDA:65,14,0,4
BRDA:65,14,1,4
BRDA:68,15,0,0
BRDA:68,15,1,4
BRDA:71,16,0,0
BRDA:71,16,1,4
BRDA:79,17,0,0
BRDA:79,17,1,2
BRF:36
BRH:21
end_of_record
TN:
SF:config\mongoCollections.js
FN:5,(anonymous_0)
FN:8,(anonymous_1)
FNF:2
FNH:2
FNDA:3,(anonymous_0)
FNDA:16,(anonymous_1)
DA:5,1
DA:6,3
DA:8,3
DA:9,16
DA:10,2
DA:11,2
DA:14,16
DA:18,1
DA:19,1
DA:20,1
LF:10
LH:10
BRDA:9,0,0,2
BRDA:9,0,1,14
BRF:2
BRH:2
end_of_record
TN:
SF:config\mongoConnection.js
FN:7,(anonymous_0)
FN:15,(anonymous_1)
FNF:2
FNH:1
FNDA:2,(anonymous_0)
FNDA:0,(anonymous_1)
DA:4,1
DA:5,1
DA:7,1
DA:8,2
DA:9,1
DA:10,1
DA:13,2
DA:15,1
DA:16,0
LF:9
LH:8
BRDA:8,0,0,1
BRDA:8,0,1,1
BRF:2
BRH:2
end_of_record
TN:
SF:config\settings.js
FNF:0
FNH:0
DA:1,1
LF:1
LH:1
BRF:0
BRH:0
end_of_record
TN:
SF:data\users.js
FN:8,(anonymous_0)
FN:46,(anonymous_1)
FN:90,(anonymous_2)
FN:97,(anonymous_3)
FN:113,(anonymous_4)
FN:128,(anonymous_5)
FN:143,(anonymous_6)
FN:159,(anonymous_7)
FN:175,(anonymous_8)
FN:226,(anonymous_9)
FNF:10
FNH:5
FNDA:2,(anonymous_0)
FNDA:4,(anonymous_1)
FNDA:0,(anonymous_2)
FNDA:2,(anonymous_3)
FNDA:0,(anonymous_4)
FNDA:0,(anonymous_5)
FNDA:2,(anonymous_6)
FNDA:2,(anonymous_7)
FNDA:0,(anonymous_8)
FNDA:0,(anonymous_9)
DA:5,1
DA:8,1
DA:9,2
DA:10,0
DA:13,2
DA:14,2
DA:15,2
DA:16,2
DA:17,2
DA:18,2
DA:19,2
DA:20,0
DA:22,2
DA:23,2
DA:24,0
DA:26,2
DA:28,2
DA:29,2
DA:38,2
DA:39,2
DA:40,2
DA:41,0
DA:43,2
DA:46,1
DA:47,4
DA:48,0
DA:51,4
DA:52,4
DA:54,4
DA:55,4
DA:57,4
DA:58,4
DA:60,4
DA:61,1
DA:64,3
DA:65,3
DA:66,2
DA:68,0
DA:69,0
DA:70,0
DA:71,0
DA:75,2
DA:76,2
DA:77,2
DA:78,2
DA:79,2
DA:83,1
DA:90,1
DA:91,0
DA:92,0
DA:93,0
DA:97,1
DA:98,2
DA:99,0
DA:101,2
DA:103,2
DA:104,2
DA:105,2
DA:106,0
DA:108,2
DA:109,2
DA:113,1
DA:114,0
DA:115,0
DA:117,0
DA:119,0
DA:120,0
DA:121,0
DA:122,0
DA:124,0
DA:128,1
DA:129,0
DA:130,0
DA:132,0
DA:134,0
DA:135,0
DA:136,0
DA:137,0
DA:139,0
DA:143,1
DA:144,2
DA:145,0
DA:147,2
DA:149,2
DA:150,2
DA:151,2
DA:152,2
DA:154,0
DA:159,1
DA:160,2
DA:161,0
DA:163,2
DA:165,2
DA:166,2
DA:167,2
DA:168,2
DA:170,0
DA:175,1
DA:176,0
DA:177,0
DA:179,0
DA:180,0
DA:181,0
DA:182,0
DA:183,0
DA:184,0
DA:185,0
DA:187,0
DA:188,0
DA:189,0
DA:190,0
DA:191,0
DA:193,0
DA:194,0
DA:197,0
DA:199,0
DA:209,0
DA:210,0
DA:215,0
DA:216,0
DA:218,0
DA:219,0
DA:222,0
DA:226,1
DA:227,0
DA:228,0
DA:230,0
DA:232,0
DA:233,0
DA:234,0
DA:235,0
DA:238,0
LF:132
LH:65
BRDA:9,0,0,0
BRDA:9,0,1,2
BRDA:9,1,0,2
BRDA:9,1,1,2
BRDA:9,1,2,2
BRDA:9,1,3,2
BRDA:9,1,4,2
BRDA:9,1,5,2
BRDA:19,2,0,0
BRDA:19,2,1,2
BRDA:23,3,0,0
BRDA:23,3,1,2
BRDA:40,4,0,0
BRDA:40,4,1,2
BRDA:47,5,0,0
BRDA:47,5,1,4
BRDA:47,6,0,4
BRDA:47,6,1,4
BRDA:60,7,0,1
BRDA:60,7,1,3
BRDA:60,8,0,4
BRDA:60,8,1,1
BRDA:65,9,0,2
BRDA:65,9,1,1
BRDA:66,10,0,0
BRDA:66,10,1,2
BRDA:98,11,0,0
BRDA:98,11,1,2
BRDA:105,12,0,0
BRDA:105,12,1,2
BRDA:114,13,0,0
BRDA:114,13,1,0
BRDA:121,14,0,0
BRDA:121,14,1,0
BRDA:129,15,0,0
BRDA:129,15,1,0
BRDA:136,16,0,0
BRDA:136,16,1,0
BRDA:144,17,0,0
BRDA:144,17,1,2
BRDA:151,18,0,2
BRDA:151,18,1,0
BRDA:160,19,0,0
BRDA:160,19,1,2
BRDA:167,20,0,2
BRDA:167,20,1,0
BRDA:176,21,0,0
BRDA:176,21,1,0
BRDA:176,22,0,0
BRDA:176,22,1,0
BRDA:176,22,2,0
BRDA:176,22,3,0
BRDA:176,22,4,0
BRDA:176,22,5,0
BRDA:176,22,6,0
BRDA:190,23,0,0
BRDA:190,23,1,0
BRDA:193,24,0,0
BRDA:193,24,1,0
BRDA:215,25,0,0
BRDA:215,25,1,0
BRDA:218,26,0,0
BRDA:218,26,1,0
BRDA:227,27,0,0
BRDA:227,27,1,0
BRDA:234,28,0,0
BRDA:234,28,1,0
BRF:67
BRH:26
end_of_record
